<?xml version="1.0" encoding="UTF-8"?>
<!-- Generated by org.testng.reporters.JUnitXMLReporter -->
<testsuite ignored="0" hostname="MCL-0048s-MacBook-Pro.local" failures="4" tests="95" name="Test" time="2203.212" errors="0" timestamp="2023-12-13T16:57:41 IST">
  <testcase classname="com.dentscribe.testCases_iOS.TestCreateUserBuyPaidPlanAndCancelPaidPlan" name="verifySignupNewUser" time="68.766"/>
  <testcase classname="com.dentscribe.testCases_iOS.TestCreateUserBuyPaidPlanAndCancelPaidPlan" name="verifyCreatePracticeInfo" time="41.74"/>
  <testcase classname="com.dentscribe.testCases_iOS.TestCreateUserBuyPaidPlanAndCancelPaidPlan" name="verifySikkaWebViewRegistration" time="186.046"/>
  <testcase classname="com.dentscribe.testCases_iOS.TestCreateUserBuyPaidPlanAndCancelPaidPlan" name="verifySpuInstallPopupAndRefreshData" time="12.103"/>
  <testcase classname="com.dentscribe.testCases_iOS.TestCreateUserBuyPaidPlanAndCancelPaidPlan" name="verifyEulaAgreementAndAcceptIt" time="32.507"/>
  <testcase classname="com.dentscribe.testCases_iOS.TestCreateUserBuyPaidPlanAndCancelPaidPlan" name="verifyCanUserBuyPaidPlan" time="47.864"/>
  <testcase classname="com.dentscribe.testCases_iOS.TestCreateUserBuyPaidPlanAndCancelPaidPlan" name="verifyCancelSubscriptionPopup" time="10.61"/>
  <testcase classname="com.dentscribe.testCases_iOS.TestCreateUserBuyPaidPlanAndCancelPaidPlan" name="verifyCanUserCancelSubcription" time="11.276"/>
  <testcase classname="com.dentscribe.testCases_iOS.TestCreateUserBuyPaidPlanAndCancelPaidPlan" name="verifyCanUserUpdatePaymentMethod" time="78.917"/>
  <testcase classname="com.dentscribe.testCases_iOS.TestCreateUserBuyPaidPlanAndCancelPaidPlan" name="verifyCanUserBuyPlanAgain" time="6.689"/>
  <testcase classname="com.dentscribe.testCases_iOS.TestCreateUserTakeFreePlanAndBuyPaidPlan" name="createNewUserAndGoToManageSubscriptionPage" time="347.523"/>
  <testcase classname="com.dentscribe.testCases_iOS.TestCreateUserTakeFreePlanAndBuyPaidPlan" name="verifyAddPaymentMethodMandatoryFields" time="15.583"/>
  <testcase classname="com.dentscribe.testCases_iOS.TestCreateUserTakeFreePlanAndBuyPaidPlan" name="verifyAddPaymentMethodBackIcon" time="1.403"/>
  <testcase classname="com.dentscribe.testCases_iOS.TestCreateUserTakeFreePlanAndBuyPaidPlan" name="verifyCanUserTake30DaysFreeTrialPlan" time="25.618"/>
  <testcase classname="com.dentscribe.testCases_iOS.TestCreateUserTakeFreePlanAndBuyPaidPlan" name="verifyCanUserBuyPaidPlanAfterFreeTrialPlan" time="37.851"/>
  <testcase classname="com.dentscribe.testCases_iOS.TestAllAppointmentStatuses" name="goToCalendarPageAndSelectAppointmentsDate" time="54.369"/>
  <testcase classname="com.dentscribe.testCases_iOS.TestAllAppointmentStatuses" name="verifyIsPatientPopupAppearingOnStartButtonClick" time="18.255"/>
  <testcase classname="com.dentscribe.testCases_iOS.TestAllAppointmentStatuses" name="verifyStartRecordingButtonOnPatientDetailsPopupAndClick" time="23.489"/>
  <testcase classname="com.dentscribe.testCases_iOS.TestAllAppointmentStatuses" name="verifyContinueButtonAfterPauseRecording" time="17.199">
    <failure type="java.lang.AssertionError" message="expected [true] but found [false]">
      <![CDATA[java.lang.AssertionError: expected [true] but found [false]
at com.dentscribe.pages.ios.CalendarPage.verifyClickContinueButtonForAppointment(CalendarPage.java:369)
at com.dentscribe.testCases_iOS.TestAllAppointmentStatuses.verifyContinueButtonAfterPauseRecording(TestAllAppointmentStatuses.java:86)
at java.base/java.util.ArrayList.forEach(ArrayList.java:1511)
... Removed 29 stack frames]]>
    </failure>
  </testcase> <!-- verifyContinueButtonAfterPauseRecording -->
  <testcase classname="com.dentscribe.testCases_iOS.TestAllAppointmentStatuses" name="verifyIsPatientPopupAppearingOnContinueButtonClick" time="0.0">
    <skipped/>
  </testcase> <!-- verifyIsPatientPopupAppearingOnContinueButtonClick -->
  <testcase classname="com.dentscribe.testCases_iOS.TestAllAppointmentStatuses" name="verifyContinueRecordingButtonOnPatientDetailsPopupAndClick" time="0.0">
    <skipped/>
  </testcase> <!-- verifyContinueRecordingButtonOnPatientDetailsPopupAndClick -->
  <testcase classname="com.dentscribe.testCases_iOS.TestAllAppointmentStatuses" name="verifyReviewButtonAfterStopRecording" time="0.0">
    <skipped/>
  </testcase> <!-- verifyReviewButtonAfterStopRecording -->
  <testcase classname="com.dentscribe.testCases_iOS.TestAllAppointmentStatuses" name="addSignatureInSoapReportAndSubmit" time="0.0">
    <skipped/>
  </testcase> <!-- addSignatureInSoapReportAndSubmit -->
  <testcase classname="com.dentscribe.testCases_iOS.TestAllAppointmentStatuses" name="verifyReviewedButtonAndClickToVerifySoapReport" time="0.0">
    <skipped/>
  </testcase> <!-- verifyReviewedButtonAndClickToVerifySoapReport -->
  <testcase classname="com.dentscribe.testCases_iOS.TestSoapReportAndPatientProfilePage" name="verifyIsRecordingPageOpenedForExpectedPatient" time="102.394"/>
  <testcase classname="com.dentscribe.testCases_iOS.TestSoapReportAndPatientProfilePage" name="verifyBackIconRecordingPage" time="5.29"/>
  <testcase classname="com.dentscribe.testCases_iOS.TestSoapReportAndPatientProfilePage" name="verifyIsSoapReportCreated" time="60.708">
    <failure type="org.openqa.selenium.NoSuchElementException" message="An element could not be located on the page using the given search parameters.
For documentation on this error, please visit: https://www.selenium.dev/documentation/webdriver/troubleshooting/errors#no-such-element-exception
Build info: version: &amp;apos;4.13.0&amp;apos;, revision: &amp;apos;ba948ece5b*&amp;apos;
System info: os.name: &amp;apos;Mac OS X&amp;apos;, os.arch: &amp;apos;aarch64&amp;apos;, os.version: &amp;apos;13.4&amp;apos;, java.version: &amp;apos;20.0.2&amp;apos;
Driver info: io.appium.java_client.ios.IOSDriver
Command: [ccc7257f-2b46-4887-adce-9363b722f183, findElement {using=accessibility id, value=Wiley Amber Review-button}]
Capabilities {appium:app: //Users//mcl-0048/Desktop//..., appium:automationName: XCuiTest, appium:databaseEnabled: false, appium:deviceName: iPhone 14 Plus, appium:javascriptEnabled: true, appium:locationContextEnabled: false, appium:networkConnectionEnabled: false, appium:platformVersion: 16.4, appium:takesScreenshot: true, appium:udid: 2A4A9901-84B0-429C-B765-6C1..., appium:webStorageEnabled: false, platformName: IOS}
Session ID: ccc7257f-2b46-4887-adce-9363b722f183">
      <![CDATA[org.openqa.selenium.NoSuchElementException: An element could not be located on the page using the given search parameters.
For documentation on this error, please visit: https://www.selenium.dev/documentation/webdriver/troubleshooting/errors#no-such-element-exception
Build info: version: '4.13.0', revision: 'ba948ece5b*'
System info: os.name: 'Mac OS X', os.arch: 'aarch64', os.version: '13.4', java.version: '20.0.2'
Driver info: io.appium.java_client.ios.IOSDriver
Command: [ccc7257f-2b46-4887-adce-9363b722f183, findElement {using=accessibility id, value=Wiley Amber Review-button}]
Capabilities {appium:app: //Users//mcl-0048/Desktop//..., appium:automationName: XCuiTest, appium:databaseEnabled: false, appium:deviceName: iPhone 14 Plus, appium:javascriptEnabled: true, appium:locationContextEnabled: false, appium:networkConnectionEnabled: false, appium:platformVersion: 16.4, appium:takesScreenshot: true, appium:udid: 2A4A9901-84B0-429C-B765-6C1..., appium:webStorageEnabled: false, platformName: IOS}
Session ID: ccc7257f-2b46-4887-adce-9363b722f183
at org.openqa.selenium.remote.codec.w3c.W3CHttpResponseCodec.createException(W3CHttpResponseCodec.java:200)
at org.openqa.selenium.remote.codec.w3c.W3CHttpResponseCodec.decode(W3CHttpResponseCodec.java:133)
at org.openqa.selenium.remote.codec.w3c.W3CHttpResponseCodec.decode(W3CHttpResponseCodec.java:52)
at org.openqa.selenium.remote.HttpCommandExecutor.execute(HttpCommandExecutor.java:191)
at io.appium.java_client.remote.AppiumCommandExecutor.execute(AppiumCommandExecutor.java:250)
at org.openqa.selenium.remote.RemoteWebDriver.execute(RemoteWebDriver.java:602)
at org.openqa.selenium.remote.ElementLocation$ElementFinder$2.findElement(ElementLocation.java:165)
at org.openqa.selenium.remote.ElementLocation.findElement(ElementLocation.java:59)
at org.openqa.selenium.remote.RemoteWebDriver.findElement(RemoteWebDriver.java:359)
at org.openqa.selenium.remote.RemoteWebDriver.findElement(RemoteWebDriver.java:353)
at com.dentscribe.common.CommonMethods.scrollDownTillElementVisible(CommonMethods.java:325)
at com.dentscribe.pages.ios.CalendarPage.verifyClickReviewButtonForAppointment(CalendarPage.java:328)
at com.dentscribe.testCases_iOS.TestSoapReportAndPatientProfilePage.verifyIsSoapReportCreated(TestSoapReportAndPatientProfilePage.java:108)
at java.base/java.util.ArrayList.forEach(ArrayList.java:1511)
... Removed 28 stack frames]]>
    </failure>
  </testcase> <!-- verifyIsSoapReportCreated -->
  <testcase classname="com.dentscribe.testCases_iOS.TestSoapReportAndPatientProfilePage" name="verifyEditIconSoapReport" time="0.0">
    <skipped/>
  </testcase> <!-- verifyEditIconSoapReport -->
  <testcase classname="com.dentscribe.testCases_iOS.TestSoapReportAndPatientProfilePage" name="verifyEditSoapReportAndAddSignatureDuringEditableReport" time="0.0">
    <skipped/>
  </testcase> <!-- verifyEditSoapReportAndAddSignatureDuringEditableReport -->
  <testcase classname="com.dentscribe.testCases_iOS.TestSoapReportAndPatientProfilePage" name="updateUserDetailsAndVerifySame" time="0.0">
    <skipped/>
  </testcase> <!-- updateUserDetailsAndVerifySame -->
  <testcase classname="com.dentscribe.testCases_iOS.TestSoapReportAndPatientProfilePage" name="verifyBackIconSoapReportAndReviewedButtonForAppointment" time="0.0">
    <skipped/>
  </testcase> <!-- verifyBackIconSoapReportAndReviewedButtonForAppointment -->
  <testcase classname="com.dentscribe.testCases_iOS.TestSoapReportAndPatientProfilePage" name="verifyPatientProfilePage" time="0.0">
    <skipped/>
  </testcase> <!-- verifyPatientProfilePage -->
  <testcase classname="com.dentscribe.testCases_iOS.TestSoapReportAndPatientProfilePage" name="verifyBackIconPatientProfilePage" time="0.0">
    <skipped/>
  </testcase> <!-- verifyBackIconPatientProfilePage -->
  <testcase classname="com.dentscribe.testCases_iOS.TestLoginPage" name="DS_004_verifyIsLoginPageExistsAndItsFields" time="1.287"/>
  <testcase classname="com.dentscribe.testCases_iOS.TestLoginPage" name="DS_005_verifyLoginWithoutMandatoryFields" time="0.967"/>
  <testcase classname="com.dentscribe.testCases_iOS.TestLoginPage" name="DS_006_verifyLoginWithNonExistingUser" time="10.166"/>
  <testcase classname="com.dentscribe.testCases_iOS.TestLoginPage" name="DS_007_verifyLoginWithInvalidPassword" time="10.103"/>
  <testcase classname="com.dentscribe.testCases_iOS.TestLoginPage" name="DS_008_verifyLoginWithThreeInvalidAttempts" time="14.217"/>
  <testcase classname="com.dentscribe.testCases_iOS.TestLoginPage" name="DS_009_verifyLoginWithValidCredentials" time="14.875"/>
  <testcase classname="com.dentscribe.testCases_iOS.TestSmsVerificationPageAfterLogin" name="DS_010_verifyIsSmsVerificationPageExistsAfterLogin" time="12.292"/>
  <testcase classname="com.dentscribe.testCases_iOS.TestSmsVerificationPageAfterLogin" name="DS_011_verifySmsVerificationWithBlankOtp" time="1.224"/>
  <testcase classname="com.dentscribe.testCases_iOS.TestSmsVerificationPageAfterLogin" name="DS_012_verifySmsVerificationWithWrongOtp" time="13.661"/>
  <testcase classname="com.dentscribe.testCases_iOS.TestSmsVerificationPageAfterLogin" name="DS_013_verifySmsVerificationResendCodeLink" time="22.244"/>
  <testcase classname="com.dentscribe.testCases_iOS.TestSmsVerificationPageAfterLogin" name="DS_014_verifyWhetherSmsVerificationPageBackIconRedirectToLoginPage" time="1.236"/>
  <testcase classname="com.dentscribe.testCases_iOS.TestSmsVerificationPageAfterLogin" name="DS_015_verifySmsVerificationWithValidOtp" time="28.715"/>
  <testcase classname="com.dentscribe.testCases_iOS.TestSignUpPage" name="DS_016_verifyIsSignupPageExists" time="1.203"/>
  <testcase classname="com.dentscribe.testCases_iOS.TestSignUpPage" name="DS_017_verifySignupWithoutMandatoryFields" time="18.741"/>
  <testcase classname="com.dentscribe.testCases_iOS.TestSignUpPage" name="DS_018_verifySignupPageForInvalidEmail" time="9.392"/>
  <testcase classname="com.dentscribe.testCases_iOS.TestSignUpPage" name="DS_019_verifySignupPageForWeakPassword" time="8.096"/>
  <testcase classname="com.dentscribe.testCases_iOS.TestSignUpPage" name="DS_020_verifySignupPageForConfirPassowrd" time="12.909"/>
  <testcase classname="com.dentscribe.testCases_iOS.TestSignUpPage" name="DS_021_verifyExistingAndDuplicateEmailId" time="47.554"/>
  <testcase classname="com.dentscribe.testCases_iOS.TestSignUpPage" name="DS_022_verifySignupWithOnlyMandatoryFields" time="10.016"/>
  <testcase classname="com.dentscribe.testCases_iOS.TestSignUpPage" name="DS_023_verifySignupConfirmationPopupButtons" time="5.695"/>
  <testcase classname="com.dentscribe.testCases_iOS.TestSmsVerificationPageAfterSignup" name="DS_024_verifyIsSmsVerificationPageExistsAfterSignup" time="48.658"/>
  <testcase classname="com.dentscribe.testCases_iOS.TestSmsVerificationPageAfterSignup" name="DS_025_verifySmsVerificationWithBlankOtp" time="1.223"/>
  <testcase classname="com.dentscribe.testCases_iOS.TestSmsVerificationPageAfterSignup" name="DS_026_verifySmsVerificationWithWrongOtp" time="13.637"/>
  <testcase classname="com.dentscribe.testCases_iOS.TestSmsVerificationPageAfterSignup" name="DS_027_verifySmsVerificationResendCodeLink" time="22.406"/>
  <testcase classname="com.dentscribe.testCases_iOS.TestSmsVerificationPageAfterSignup" name="DS_027_verifyWhetherSmsVerificationPageBackIconRedirectToSignupPage" time="1.267"/>
  <testcase classname="com.dentscribe.testCases_iOS.TestSmsVerificationPageAfterSignup" name="DS_028_verifySmsVerificationWithValidOtp" time="20.577"/>
  <testcase classname="com.dentscribe.testCases_iOS.TestSignupAndLoginWithoutRegisterPractice" name="DS_028_verifySignupWithNonSupportedPMS" time="48.37"/>
  <testcase classname="com.dentscribe.testCases_iOS.TestSignupAndLoginWithoutRegisterPractice" name="DS_029_verifySignupWithSupportedPMS" time="3.124"/>
  <testcase classname="com.dentscribe.testCases_iOS.TestSignupAndLoginWithoutRegisterPractice" name="DS_030_verifyWishToContinuePopupBackButton" time="1.898"/>
  <testcase classname="com.dentscribe.testCases_iOS.TestSignupAndLoginWithoutRegisterPractice" name="DS_031_verifyPracticeInfoMandatoryFields" time="29.189"/>
  <testcase classname="com.dentscribe.testCases_iOS.TestSignupAndLoginWithoutRegisterPractice" name="DS_032_verifyLoginWithoutRegisterPractice" time="10.502"/>
  <testcase classname="com.dentscribe.testCases_iOS.TestTourPages" name="DS_033_verifyIsTourPageExists" time="26.55"/>
  <testcase classname="com.dentscribe.testCases_iOS.TestTourPages" name="DS_034_verifyNextButtonFromFirstToLastTourPage" time="4.471"/>
  <testcase classname="com.dentscribe.testCases_iOS.TestTourPages" name="DS_035_verifyBackButtonFromLastToFirstTourPage" time="4.426"/>
  <testcase classname="com.dentscribe.testCases_iOS.TestTourPages" name="DS_036_verifyRightSwipeFromFirstToLastTourPage" time="6.22"/>
  <testcase classname="com.dentscribe.testCases_iOS.TestTourPages" name="DS_037_verifyLeftSwipeFromLastToFirstTourPage" time="6.207"/>
  <testcase classname="com.dentscribe.testCases_iOS.TestTourPages" name="DS_038_verifyNextButtonOfPatientDatabaseTourPage" time="7.354"/>
  <testcase classname="com.dentscribe.testCases_iOS.TestPatientSearchPage" name="DS_039_verifySkipLinkTourPages" time="29.357"/>
  <testcase classname="com.dentscribe.testCases_iOS.TestPatientSearchPage" name="DS_040_verifyIsPatientSearchPageExists" time="16.246"/>
  <testcase classname="com.dentscribe.testCases_iOS.TestPatientSearchPage" name="DS_041_verifyPatientSearchByInvalidData" time="19.689"/>
  <testcase classname="com.dentscribe.testCases_iOS.TestPatientSearchPage" name="DS_042_verifyPatientSearchByPatientName" time="27.294"/>
  <testcase classname="com.dentscribe.testCases_iOS.TestPatientSearchPage" name="DS_043_verifyPatientSearchByPatientPhoneNumber" time="27.327"/>
  <testcase classname="com.dentscribe.testCases_iOS.TestPatientSearchPage" name="DS_044_verifyPatientSearchByPatientDOB" time="17.318">
    <failure type="java.lang.AssertionError" message="expected [true] but found [false]">
      <![CDATA[java.lang.AssertionError: expected [true] but found [false]
at com.dentscribe.testCases_iOS.TestPatientSearchPage.DS_044_verifyPatientSearchByPatientDOB(TestPatientSearchPage.java:83)
at java.base/java.util.ArrayList.forEach(ArrayList.java:1511)
... Removed 29 stack frames]]>
    </failure>
  </testcase> <!-- DS_044_verifyPatientSearchByPatientDOB -->
  <testcase classname="com.dentscribe.testCases_iOS.TestPatientSearchPage" name="DS_045_verifyPatientSearchByPatientInsurance" time="21.446"/>
  <testcase classname="com.dentscribe.testCases_iOS.TestForgotPassowrdPage" name="DS_046_verityIsForgotPasswordPageExists" time="1.465"/>
  <testcase classname="com.dentscribe.testCases_iOS.TestForgotPassowrdPage" name="DS_047_verifyForgotPasswordMandatoryFields" time="0.662"/>
  <testcase classname="com.dentscribe.testCases_iOS.TestForgotPassowrdPage" name="DS_048_verifyForgotPasswordForWrongEmailId" time="4.505"/>
  <testcase classname="com.dentscribe.testCases_iOS.TestForgotPassowrdPage" name="DS_049_verifyForgotPasswordForNotExistsEmailId" time="4.473">
    <failure type="java.lang.AssertionError" message="null">
      <![CDATA[java.lang.AssertionError: null
at com.dentscribe.common.CommonMethods.verifyText(CommonMethods.java:304)
at com.dentscribe.pages.ios.ForgotPasswordPage.verifyInvalidUserName(ForgotPasswordPage.java:72)
at com.dentscribe.testCases_iOS.TestForgotPassowrdPage.DS_049_verifyForgotPasswordForNotExistsEmailId(TestForgotPassowrdPage.java:40)
at java.base/java.util.ArrayList.forEach(ArrayList.java:1511)
... Removed 27 stack frames]]>
    </failure>
  </testcase> <!-- DS_049_verifyForgotPasswordForNotExistsEmailId -->
  <testcase classname="com.dentscribe.testCases_iOS.TestForgotPassowrdPage" name="DS_050_verifyForgotPasswordForValidEmailId" time="6.873"/>
  <testcase classname="com.dentscribe.testCases_iOS.TestForgotPassowrdPage" name="DS_051_verifyForgotPasswordBackIcon" time="1.142"/>
  <testcase classname="com.dentscribe.testCases_iOS.TestSettingsPage" name="verifyIsSettingsPageExists" time="37.694"/>
  <testcase classname="com.dentscribe.testCases_iOS.TestSettingsPage" name="verifyBackIconSettingsPage" time="20.95"/>
  <testcase classname="com.dentscribe.testCases_iOS.TestSettingsPage" name="verifyHelpOptionsSettingsPage" time="4.769"/>
  <testcase classname="com.dentscribe.testCases_iOS.TestSettingsPage" name="verifyPushNotificationsSwitch" time="5.573"/>
  <testcase classname="com.dentscribe.testCases_iOS.TestSettingsPage" name="verifySmsNotificationsSwitch" time="2.399"/>
  <testcase classname="com.dentscribe.testCases_iOS.TestSettingsPage" name="verifyEmailNotificationsSwitch" time="5.573"/>
  <testcase classname="com.dentscribe.testCases_iOS.TestSettingsPage" name="verifyAccountInfoUpdate" time="23.451"/>
  <testcase classname="com.dentscribe.testCases_iOS.TestSettingsPage" name="verifyPracticeUpdate" time="27.355"/>
  <testcase classname="com.dentscribe.testCases_iOS.TestSettingsPage" name="verifyLogout" time="10.863"/>
  <testcase classname="com.dentscribe.testCases_iOS.TestChangePassword" name="verifyChangePasswordFromSettingsPage" time="52.867"/>
  <testcase classname="com.dentscribe.testCases_iOS.TestChangePassword" name="verifyUserShouldNotLoginFromOldPassword" time="9.213"/>
  <testcase classname="com.dentscribe.testCases_iOS.TestChangePassword" name="verifyUserShouldLoginFromNewChangedPassword" time="15.255"/>
</testsuite> <!-- Test -->
