<html>
<head>
<title>TestNG:  Test</title>
<link href="../testng.css" rel="stylesheet" type="text/css" />
<link href="../my-testng.css" rel="stylesheet" type="text/css" />

<style type="text/css">
.log { display: none;} 
.stack-trace { display: none;} 
</style>
<script type="text/javascript">
<!--
function flip(e) {
  current = e.style.display;
  if (current == 'block') {
    e.style.display = 'none';
    return 0;
  }
  else {
    e.style.display = 'block';
    return 1;
  }
}

function toggleBox(szDivId, elem, msg1, msg2)
{
  var res = -1;  if (document.getElementById) {
    res = flip(document.getElementById(szDivId));
  }
  else if (document.all) {
    // this is the way old msie versions work
    res = flip(document.all[szDivId]);
  }
  if(elem) {
    if(res == 0) elem.innerHTML = msg1; else elem.innerHTML = msg2;
  }

}

function toggleAllBoxes() {
  if (document.getElementsByTagName) {
    d = document.getElementsByTagName('div');
    for (i = 0; i < d.length; i++) {
      if (d[i].className == 'log') {
        flip(d[i]);
      }
    }
  }
}

// -->
</script>

</head>
<body>
<h2 align='center'>Test</h2><table border='1' align="center">
<tr>
<td>Tests passed/Failed/Skipped:</td><td>80/4/11</td>
</tr><tr>
<td>Started on:</td><td>Wed Dec 13 16:20:57 IST 2023</td>
</tr>
<tr><td>Total time:</td><td>2203 seconds (2203212 ms)</td>
</tr><tr>
<td>Included groups:</td><td></td>
</tr><tr>
<td>Excluded groups:</td><td></td>
</tr>
</table><p/>
<small><i>(Hover the method name to see the test class name)</i></small><p/>
<table width='100%' border='1' class='invocation-failed'>
<tr><td colspan='4' align='center'><b>FAILED TESTS</b></td></tr>
<tr><td><b>Test method</b></td>
<td width="30%"><b>Exception</b></td>
<td width="10%"><b>Time (seconds)</b></td>
<td><b>Instance</b></td>
</tr>
<tr>
<td title='com.dentscribe.testCases_iOS.TestAllAppointmentStatuses.verifyContinueButtonAfterPauseRecording()'><b>verifyContinueButtonAfterPauseRecording</b><br>Test class: com.dentscribe.testCases_iOS.TestAllAppointmentStatuses</td>
<td><div><pre>java.lang.AssertionError: expected [true] but found [false]
	at com.dentscribe.pages.ios.CalendarPage.verifyClickContinueButtonForAppointment(CalendarPage.java:369)
	at com.dentscribe.testCases_iOS.TestAllAppointmentStatuses.verifyContinueButtonAfterPauseRecording(TestAllAppointmentStatuses.java:86)
	at java.base/java.util.ArrayList.forEach(ArrayList.java:1511)
... Removed 29 stack frames</pre></div><a href='#' onClick='toggleBox("stack-trace1390919377", this, "Click to show all stack frames", "Click to hide stack frames")'>Click to show all stack frames</a>
<div class='stack-trace' id='stack-trace1390919377'><pre>java.lang.AssertionError: expected [true] but found [false]
	at org.testng.Assert.fail(Assert.java:99)
	at org.testng.Assert.failNotEquals(Assert.java:1037)
	at org.testng.Assert.assertTrue(Assert.java:45)
	at org.testng.Assert.assertTrue(Assert.java:55)
	at com.dentscribe.pages.ios.CalendarPage.verifyClickContinueButtonForAppointment(CalendarPage.java:369)
	at com.dentscribe.testCases_iOS.TestAllAppointmentStatuses.verifyContinueButtonAfterPauseRecording(TestAllAppointmentStatuses.java:86)
	at java.base/jdk.internal.reflect.DirectMethodHandleAccessor.invoke(DirectMethodHandleAccessor.java:104)
	at java.base/java.lang.reflect.Method.invoke(Method.java:578)
	at org.testng.internal.MethodInvocationHelper.invokeMethod(MethodInvocationHelper.java:133)
	at org.testng.internal.TestInvoker.invokeMethod(TestInvoker.java:598)
	at org.testng.internal.TestInvoker.invokeTestMethod(TestInvoker.java:173)
	at org.testng.internal.MethodRunner.runInSequence(MethodRunner.java:46)
	at org.testng.internal.TestInvoker$MethodInvocationAgent.invoke(TestInvoker.java:824)
	at org.testng.internal.TestInvoker.invokeTestMethods(TestInvoker.java:146)
	at org.testng.internal.TestMethodWorker.invokeTestMethods(TestMethodWorker.java:146)
	at org.testng.internal.TestMethodWorker.run(TestMethodWorker.java:128)
	at java.base/java.util.ArrayList.forEach(ArrayList.java:1511)
	at org.testng.TestRunner.privateRun(TestRunner.java:794)
	at org.testng.TestRunner.run(TestRunner.java:596)
	at org.testng.SuiteRunner.runTest(SuiteRunner.java:377)
	at org.testng.SuiteRunner.runSequentially(SuiteRunner.java:371)
	at org.testng.SuiteRunner.privateRun(SuiteRunner.java:332)
	at org.testng.SuiteRunner.run(SuiteRunner.java:276)
	at org.testng.SuiteRunnerWorker.runSuite(SuiteRunnerWorker.java:53)
	at org.testng.SuiteRunnerWorker.run(SuiteRunnerWorker.java:96)
	at org.testng.TestNG.runSuitesSequentially(TestNG.java:1212)
	at org.testng.TestNG.runSuitesLocally(TestNG.java:1134)
	at org.testng.TestNG.runSuites(TestNG.java:1063)
	at org.testng.TestNG.run(TestNG.java:1031)
	at org.testng.remote.AbstractRemoteTestNG.run(AbstractRemoteTestNG.java:115)
	at org.testng.remote.RemoteTestNG.initAndRun(RemoteTestNG.java:251)
	at org.testng.remote.RemoteTestNG.main(RemoteTestNG.java:77)
</pre></div></td>
<td>17</td>
<td>com.dentscribe.testCases_iOS.TestAllAppointmentStatuses@f48a080</td></tr>
<tr>
<td title='com.dentscribe.testCases_iOS.TestSoapReportAndPatientProfilePage.verifyIsSoapReportCreated()'><b>verifyIsSoapReportCreated</b><br>Test class: com.dentscribe.testCases_iOS.TestSoapReportAndPatientProfilePage</td>
<td><div><pre>org.openqa.selenium.NoSuchElementException: An element could not be located on the page using the given search parameters.
For documentation on this error, please visit: https://www.selenium.dev/documentation/webdriver/troubleshooting/errors#no-such-element-exception
Build info: version: &apos;4.13.0&apos;, revision: &apos;ba948ece5b*&apos;
System info: os.name: &apos;Mac OS X&apos;, os.arch: &apos;aarch64&apos;, os.version: &apos;13.4&apos;, java.version: &apos;20.0.2&apos;
Driver info: io.appium.java_client.ios.IOSDriver
Command: [ccc7257f-2b46-4887-adce-9363b722f183, findElement {using=accessibility id, value=Wiley Amber Review-button}]
Capabilities {appium:app: //Users//mcl-0048/Desktop//..., appium:automationName: XCuiTest, appium:databaseEnabled: false, appium:deviceName: iPhone 14 Plus, appium:javascriptEnabled: true, appium:locationContextEnabled: false, appium:networkConnectionEnabled: false, appium:platformVersion: 16.4, appium:takesScreenshot: true, appium:udid: 2A4A9901-84B0-429C-B765-6C1..., appium:webStorageEnabled: false, platformName: IOS}
Session ID: ccc7257f-2b46-4887-adce-9363b722f183
	at org.openqa.selenium.remote.codec.w3c.W3CHttpResponseCodec.createException(W3CHttpResponseCodec.java:200)
	at org.openqa.selenium.remote.codec.w3c.W3CHttpResponseCodec.decode(W3CHttpResponseCodec.java:133)
	at org.openqa.selenium.remote.codec.w3c.W3CHttpResponseCodec.decode(W3CHttpResponseCodec.java:52)
	at org.openqa.selenium.remote.HttpCommandExecutor.execute(HttpCommandExecutor.java:191)
	at io.appium.java_client.remote.AppiumCommandExecutor.execute(AppiumCommandExecutor.java:250)
	at org.openqa.selenium.remote.RemoteWebDriver.execute(RemoteWebDriver.java:602)
	at org.openqa.selenium.remote.ElementLocation$ElementFinder$2.findElement(ElementLocation.java:165)
	at org.openqa.selenium.remote.ElementLocation.findElement(ElementLocation.java:59)
	at org.openqa.selenium.remote.RemoteWebDriver.findElement(RemoteWebDriver.java:359)
	at org.openqa.selenium.remote.RemoteWebDriver.findElement(RemoteWebDriver.java:353)
	at com.dentscribe.common.CommonMethods.scrollDownTillElementVisible(CommonMethods.java:325)
	at com.dentscribe.pages.ios.CalendarPage.verifyClickReviewButtonForAppointment(CalendarPage.java:328)
	at com.dentscribe.testCases_iOS.TestSoapReportAndPatientProfilePage.verifyIsSoapReportCreated(TestSoapReportAndPatientProfilePage.java:108)
	at java.base/java.util.ArrayList.forEach(ArrayList.java:1511)
... Removed 28 stack frames</pre></div><a href='#' onClick='toggleBox("stack-trace1594124770", this, "Click to show all stack frames", "Click to hide stack frames")'>Click to show all stack frames</a>
<div class='stack-trace' id='stack-trace1594124770'><pre>org.openqa.selenium.NoSuchElementException: An element could not be located on the page using the given search parameters.
For documentation on this error, please visit: https://www.selenium.dev/documentation/webdriver/troubleshooting/errors#no-such-element-exception
Build info: version: &apos;4.13.0&apos;, revision: &apos;ba948ece5b*&apos;
System info: os.name: &apos;Mac OS X&apos;, os.arch: &apos;aarch64&apos;, os.version: &apos;13.4&apos;, java.version: &apos;20.0.2&apos;
Driver info: io.appium.java_client.ios.IOSDriver
Command: [ccc7257f-2b46-4887-adce-9363b722f183, findElement {using=accessibility id, value=Wiley Amber Review-button}]
Capabilities {appium:app: //Users//mcl-0048/Desktop//..., appium:automationName: XCuiTest, appium:databaseEnabled: false, appium:deviceName: iPhone 14 Plus, appium:javascriptEnabled: true, appium:locationContextEnabled: false, appium:networkConnectionEnabled: false, appium:platformVersion: 16.4, appium:takesScreenshot: true, appium:udid: 2A4A9901-84B0-429C-B765-6C1..., appium:webStorageEnabled: false, platformName: IOS}
Session ID: ccc7257f-2b46-4887-adce-9363b722f183
	at java.base/jdk.internal.reflect.DirectConstructorHandleAccessor.newInstance(DirectConstructorHandleAccessor.java:67)
	at java.base/java.lang.reflect.Constructor.newInstanceWithCaller(Constructor.java:500)
	at java.base/java.lang.reflect.Constructor.newInstance(Constructor.java:484)
	at org.openqa.selenium.remote.codec.w3c.W3CHttpResponseCodec.createException(W3CHttpResponseCodec.java:200)
	at org.openqa.selenium.remote.codec.w3c.W3CHttpResponseCodec.decode(W3CHttpResponseCodec.java:133)
	at org.openqa.selenium.remote.codec.w3c.W3CHttpResponseCodec.decode(W3CHttpResponseCodec.java:52)
	at org.openqa.selenium.remote.HttpCommandExecutor.execute(HttpCommandExecutor.java:191)
	at io.appium.java_client.remote.AppiumCommandExecutor.execute(AppiumCommandExecutor.java:250)
	at org.openqa.selenium.remote.RemoteWebDriver.execute(RemoteWebDriver.java:602)
	at org.openqa.selenium.remote.ElementLocation$ElementFinder$2.findElement(ElementLocation.java:165)
	at org.openqa.selenium.remote.ElementLocation.findElement(ElementLocation.java:59)
	at org.openqa.selenium.remote.RemoteWebDriver.findElement(RemoteWebDriver.java:359)
	at org.openqa.selenium.remote.RemoteWebDriver.findElement(RemoteWebDriver.java:353)
	at com.dentscribe.common.CommonMethods.scrollDownTillElementVisible(CommonMethods.java:325)
	at com.dentscribe.pages.ios.CalendarPage.verifyClickReviewButtonForAppointment(CalendarPage.java:328)
	at com.dentscribe.testCases_iOS.TestSoapReportAndPatientProfilePage.verifyIsSoapReportCreated(TestSoapReportAndPatientProfilePage.java:108)
	at java.base/jdk.internal.reflect.DirectMethodHandleAccessor.invoke(DirectMethodHandleAccessor.java:104)
	at java.base/java.lang.reflect.Method.invoke(Method.java:578)
	at org.testng.internal.MethodInvocationHelper.invokeMethod(MethodInvocationHelper.java:133)
	at org.testng.internal.TestInvoker.invokeMethod(TestInvoker.java:598)
	at org.testng.internal.TestInvoker.invokeTestMethod(TestInvoker.java:173)
	at org.testng.internal.MethodRunner.runInSequence(MethodRunner.java:46)
	at org.testng.internal.TestInvoker$MethodInvocationAgent.invoke(TestInvoker.java:824)
	at org.testng.internal.TestInvoker.invokeTestMethods(TestInvoker.java:146)
	at org.testng.internal.TestMethodWorker.invokeTestMethods(TestMethodWorker.java:146)
	at org.testng.internal.TestMethodWorker.run(TestMethodWorker.java:128)
	at java.base/java.util.ArrayList.forEach(ArrayList.java:1511)
	at org.testng.TestRunner.privateRun(TestRunner.java:794)
	at org.testng.TestRunner.run(TestRunner.java:596)
	at org.testng.SuiteRunner.runTest(SuiteRunner.java:377)
	at org.testng.SuiteRunner.runSequentially(SuiteRunner.java:371)
	at org.testng.SuiteRunner.privateRun(SuiteRunner.java:332)
	at org.testng.SuiteRunner.run(SuiteRunner.java:276)
	at org.testng.SuiteRunnerWorker.runSuite(SuiteRunnerWorker.java:53)
	at org.testng.SuiteRunnerWorker.run(SuiteRunnerWorker.java:96)
	at org.testng.TestNG.runSuitesSequentially(TestNG.java:1212)
	at org.testng.TestNG.runSuitesLocally(TestNG.java:1134)
	at org.testng.TestNG.runSuites(TestNG.java:1063)
	at org.testng.TestNG.run(TestNG.java:1031)
	at org.testng.remote.AbstractRemoteTestNG.run(AbstractRemoteTestNG.java:115)
	at org.testng.remote.RemoteTestNG.initAndRun(RemoteTestNG.java:251)
	at org.testng.remote.RemoteTestNG.main(RemoteTestNG.java:77)
</pre></div></td>
<td>60</td>
<td>com.dentscribe.testCases_iOS.TestSoapReportAndPatientProfilePage@5f7cd50e</td></tr>
<tr>
<td title='com.dentscribe.testCases_iOS.TestPatientSearchPage.DS_044_verifyPatientSearchByPatientDOB()'><b>DS_044_verifyPatientSearchByPatientDOB</b><br>Test class: com.dentscribe.testCases_iOS.TestPatientSearchPage</td>
<td><div><pre>java.lang.AssertionError: expected [true] but found [false]
	at com.dentscribe.testCases_iOS.TestPatientSearchPage.DS_044_verifyPatientSearchByPatientDOB(TestPatientSearchPage.java:83)
	at java.base/java.util.ArrayList.forEach(ArrayList.java:1511)
... Removed 29 stack frames</pre></div><a href='#' onClick='toggleBox("stack-trace1132223013", this, "Click to show all stack frames", "Click to hide stack frames")'>Click to show all stack frames</a>
<div class='stack-trace' id='stack-trace1132223013'><pre>java.lang.AssertionError: expected [true] but found [false]
	at org.testng.Assert.fail(Assert.java:99)
	at org.testng.Assert.failNotEquals(Assert.java:1037)
	at org.testng.Assert.assertTrue(Assert.java:45)
	at org.testng.Assert.assertTrue(Assert.java:55)
	at com.dentscribe.testCases_iOS.TestPatientSearchPage.DS_044_verifyPatientSearchByPatientDOB(TestPatientSearchPage.java:83)
	at java.base/jdk.internal.reflect.DirectMethodHandleAccessor.invoke(DirectMethodHandleAccessor.java:104)
	at java.base/java.lang.reflect.Method.invoke(Method.java:578)
	at org.testng.internal.MethodInvocationHelper.invokeMethod(MethodInvocationHelper.java:133)
	at org.testng.internal.TestInvoker.invokeMethod(TestInvoker.java:598)
	at org.testng.internal.TestInvoker.invokeTestMethod(TestInvoker.java:173)
	at org.testng.internal.MethodRunner.runInSequence(MethodRunner.java:46)
	at org.testng.internal.TestInvoker$MethodInvocationAgent.invoke(TestInvoker.java:824)
	at org.testng.internal.TestInvoker.invokeTestMethods(TestInvoker.java:146)
	at org.testng.internal.TestMethodWorker.invokeTestMethods(TestMethodWorker.java:146)
	at org.testng.internal.TestMethodWorker.run(TestMethodWorker.java:128)
	at java.base/java.util.ArrayList.forEach(ArrayList.java:1511)
	at org.testng.TestRunner.privateRun(TestRunner.java:794)
	at org.testng.TestRunner.run(TestRunner.java:596)
	at org.testng.SuiteRunner.runTest(SuiteRunner.java:377)
	at org.testng.SuiteRunner.runSequentially(SuiteRunner.java:371)
	at org.testng.SuiteRunner.privateRun(SuiteRunner.java:332)
	at org.testng.SuiteRunner.run(SuiteRunner.java:276)
	at org.testng.SuiteRunnerWorker.runSuite(SuiteRunnerWorker.java:53)
	at org.testng.SuiteRunnerWorker.run(SuiteRunnerWorker.java:96)
	at org.testng.TestNG.runSuitesSequentially(TestNG.java:1212)
	at org.testng.TestNG.runSuitesLocally(TestNG.java:1134)
	at org.testng.TestNG.runSuites(TestNG.java:1063)
	at org.testng.TestNG.run(TestNG.java:1031)
	at org.testng.remote.AbstractRemoteTestNG.run(AbstractRemoteTestNG.java:115)
	at org.testng.remote.RemoteTestNG.initAndRun(RemoteTestNG.java:251)
	at org.testng.remote.RemoteTestNG.main(RemoteTestNG.java:77)
</pre></div></td>
<td>17</td>
<td>com.dentscribe.testCases_iOS.TestPatientSearchPage@277bc3a5</td></tr>
<tr>
<td title='com.dentscribe.testCases_iOS.TestForgotPassowrdPage.DS_049_verifyForgotPasswordForNotExistsEmailId()'><b>DS_049_verifyForgotPasswordForNotExistsEmailId</b><br>Test class: com.dentscribe.testCases_iOS.TestForgotPassowrdPage</td>
<td><div><pre>java.lang.AssertionError: null
	at com.dentscribe.common.CommonMethods.verifyText(CommonMethods.java:304)
	at com.dentscribe.pages.ios.ForgotPasswordPage.verifyInvalidUserName(ForgotPasswordPage.java:72)
	at com.dentscribe.testCases_iOS.TestForgotPassowrdPage.DS_049_verifyForgotPasswordForNotExistsEmailId(TestForgotPassowrdPage.java:40)
	at java.base/java.util.ArrayList.forEach(ArrayList.java:1511)
... Removed 27 stack frames</pre></div><a href='#' onClick='toggleBox("stack-trace419080547", this, "Click to show all stack frames", "Click to hide stack frames")'>Click to show all stack frames</a>
<div class='stack-trace' id='stack-trace419080547'><pre>java.lang.AssertionError: null
	at org.testng.Assert.fail(Assert.java:99)
	at org.testng.Assert.fail(Assert.java:106)
	at com.dentscribe.common.CommonMethods.verifyText(CommonMethods.java:304)
	at com.dentscribe.pages.ios.ForgotPasswordPage.verifyInvalidUserName(ForgotPasswordPage.java:72)
	at com.dentscribe.testCases_iOS.TestForgotPassowrdPage.DS_049_verifyForgotPasswordForNotExistsEmailId(TestForgotPassowrdPage.java:40)
	at java.base/jdk.internal.reflect.DirectMethodHandleAccessor.invoke(DirectMethodHandleAccessor.java:104)
	at java.base/java.lang.reflect.Method.invoke(Method.java:578)
	at org.testng.internal.MethodInvocationHelper.invokeMethod(MethodInvocationHelper.java:133)
	at org.testng.internal.TestInvoker.invokeMethod(TestInvoker.java:598)
	at org.testng.internal.TestInvoker.invokeTestMethod(TestInvoker.java:173)
	at org.testng.internal.MethodRunner.runInSequence(MethodRunner.java:46)
	at org.testng.internal.TestInvoker$MethodInvocationAgent.invoke(TestInvoker.java:824)
	at org.testng.internal.TestInvoker.invokeTestMethods(TestInvoker.java:146)
	at org.testng.internal.TestMethodWorker.invokeTestMethods(TestMethodWorker.java:146)
	at org.testng.internal.TestMethodWorker.run(TestMethodWorker.java:128)
	at java.base/java.util.ArrayList.forEach(ArrayList.java:1511)
	at org.testng.TestRunner.privateRun(TestRunner.java:794)
	at org.testng.TestRunner.run(TestRunner.java:596)
	at org.testng.SuiteRunner.runTest(SuiteRunner.java:377)
	at org.testng.SuiteRunner.runSequentially(SuiteRunner.java:371)
	at org.testng.SuiteRunner.privateRun(SuiteRunner.java:332)
	at org.testng.SuiteRunner.run(SuiteRunner.java:276)
	at org.testng.SuiteRunnerWorker.runSuite(SuiteRunnerWorker.java:53)
	at org.testng.SuiteRunnerWorker.run(SuiteRunnerWorker.java:96)
	at org.testng.TestNG.runSuitesSequentially(TestNG.java:1212)
	at org.testng.TestNG.runSuitesLocally(TestNG.java:1134)
	at org.testng.TestNG.runSuites(TestNG.java:1063)
	at org.testng.TestNG.run(TestNG.java:1031)
	at org.testng.remote.AbstractRemoteTestNG.run(AbstractRemoteTestNG.java:115)
	at org.testng.remote.RemoteTestNG.initAndRun(RemoteTestNG.java:251)
	at org.testng.remote.RemoteTestNG.main(RemoteTestNG.java:77)
</pre></div></td>
<td>4</td>
<td>com.dentscribe.testCases_iOS.TestForgotPassowrdPage@214fba74</td></tr>
</table><p>
<table width='100%' border='1' class='invocation-passed'>
<tr><td colspan='4' align='center'><b>PASSED TESTS</b></td></tr>
<tr><td><b>Test method</b></td>
<td width="30%"><b>Exception</b></td>
<td width="10%"><b>Time (seconds)</b></td>
<td><b>Instance</b></td>
</tr>
<tr>
<td title='com.dentscribe.testCases_iOS.TestSmsVerificationPageAfterSignup.DS_025_verifySmsVerificationWithBlankOtp()'><b>DS_025_verifySmsVerificationWithBlankOtp</b><br>Test class: com.dentscribe.testCases_iOS.TestSmsVerificationPageAfterSignup</td>
<td></td>
<td>1</td>
<td>com.dentscribe.testCases_iOS.TestSmsVerificationPageAfterSignup@7e1d8d41</td></tr>
<tr>
<td title='com.dentscribe.testCases_iOS.TestSmsVerificationPageAfterLogin.DS_013_verifySmsVerificationResendCodeLink()'><b>DS_013_verifySmsVerificationResendCodeLink</b><br>Test class: com.dentscribe.testCases_iOS.TestSmsVerificationPageAfterLogin</td>
<td></td>
<td>22</td>
<td>com.dentscribe.testCases_iOS.TestSmsVerificationPageAfterLogin@d76099a</td></tr>
<tr>
<td title='com.dentscribe.testCases_iOS.TestSignupAndLoginWithoutRegisterPractice.DS_029_verifySignupWithSupportedPMS()'><b>DS_029_verifySignupWithSupportedPMS</b><br>Test class: com.dentscribe.testCases_iOS.TestSignupAndLoginWithoutRegisterPractice</td>
<td></td>
<td>3</td>
<td>com.dentscribe.testCases_iOS.TestSignupAndLoginWithoutRegisterPractice@750e2d33</td></tr>
<tr>
<td title='com.dentscribe.testCases_iOS.TestSignUpPage.DS_023_verifySignupConfirmationPopupButtons()'><b>DS_023_verifySignupConfirmationPopupButtons</b><br>Test class: com.dentscribe.testCases_iOS.TestSignUpPage</td>
<td></td>
<td>5</td>
<td>com.dentscribe.testCases_iOS.TestSignUpPage@47f0f414</td></tr>
<tr>
<td title='com.dentscribe.testCases_iOS.TestSmsVerificationPageAfterSignup.DS_024_verifyIsSmsVerificationPageExistsAfterSignup()'><b>DS_024_verifyIsSmsVerificationPageExistsAfterSignup</b><br>Test class: com.dentscribe.testCases_iOS.TestSmsVerificationPageAfterSignup</td>
<td></td>
<td>48</td>
<td>com.dentscribe.testCases_iOS.TestSmsVerificationPageAfterSignup@7e1d8d41</td></tr>
<tr>
<td title='com.dentscribe.testCases_iOS.TestLoginPage.DS_006_verifyLoginWithNonExistingUser()'><b>DS_006_verifyLoginWithNonExistingUser</b><br>Test class: com.dentscribe.testCases_iOS.TestLoginPage</td>
<td></td>
<td>10</td>
<td>com.dentscribe.testCases_iOS.TestLoginPage@401ec794</td></tr>
<tr>
<td title='com.dentscribe.testCases_iOS.TestSignUpPage.DS_022_verifySignupWithOnlyMandatoryFields()'><b>DS_022_verifySignupWithOnlyMandatoryFields</b><br>Test class: com.dentscribe.testCases_iOS.TestSignUpPage</td>
<td></td>
<td>10</td>
<td>com.dentscribe.testCases_iOS.TestSignUpPage@47f0f414</td></tr>
<tr>
<td title='com.dentscribe.testCases_iOS.TestPatientSearchPage.DS_041_verifyPatientSearchByInvalidData()'><b>DS_041_verifyPatientSearchByInvalidData</b><br>Test class: com.dentscribe.testCases_iOS.TestPatientSearchPage</td>
<td></td>
<td>19</td>
<td>com.dentscribe.testCases_iOS.TestPatientSearchPage@277bc3a5</td></tr>
<tr>
<td title='com.dentscribe.testCases_iOS.TestLoginPage.DS_009_verifyLoginWithValidCredentials()'><b>DS_009_verifyLoginWithValidCredentials</b><br>Test class: com.dentscribe.testCases_iOS.TestLoginPage</td>
<td></td>
<td>14</td>
<td>com.dentscribe.testCases_iOS.TestLoginPage@401ec794</td></tr>
<tr>
<td title='com.dentscribe.testCases_iOS.TestCreateUserBuyPaidPlanAndCancelPaidPlan.verifySpuInstallPopupAndRefreshData()'><b>verifySpuInstallPopupAndRefreshData</b><br>Test class: com.dentscribe.testCases_iOS.TestCreateUserBuyPaidPlanAndCancelPaidPlan</td>
<td></td>
<td>12</td>
<td>com.dentscribe.testCases_iOS.TestCreateUserBuyPaidPlanAndCancelPaidPlan@5b7ee56c</td></tr>
<tr>
<td title='com.dentscribe.testCases_iOS.TestCreateUserBuyPaidPlanAndCancelPaidPlan.verifyCanUserBuyPaidPlan()'><b>verifyCanUserBuyPaidPlan</b><br>Test class: com.dentscribe.testCases_iOS.TestCreateUserBuyPaidPlanAndCancelPaidPlan</td>
<td></td>
<td>47</td>
<td>com.dentscribe.testCases_iOS.TestCreateUserBuyPaidPlanAndCancelPaidPlan@5b7ee56c</td></tr>
<tr>
<td title='com.dentscribe.testCases_iOS.TestCreateUserBuyPaidPlanAndCancelPaidPlan.verifySikkaWebViewRegistration()'><b>verifySikkaWebViewRegistration</b><br>Test class: com.dentscribe.testCases_iOS.TestCreateUserBuyPaidPlanAndCancelPaidPlan</td>
<td></td>
<td>186</td>
<td>com.dentscribe.testCases_iOS.TestCreateUserBuyPaidPlanAndCancelPaidPlan@5b7ee56c</td></tr>
<tr>
<td title='com.dentscribe.testCases_iOS.TestSmsVerificationPageAfterLogin.DS_011_verifySmsVerificationWithBlankOtp()'><b>DS_011_verifySmsVerificationWithBlankOtp</b><br>Test class: com.dentscribe.testCases_iOS.TestSmsVerificationPageAfterLogin</td>
<td></td>
<td>1</td>
<td>com.dentscribe.testCases_iOS.TestSmsVerificationPageAfterLogin@d76099a</td></tr>
<tr>
<td title='com.dentscribe.testCases_iOS.TestSignUpPage.DS_017_verifySignupWithoutMandatoryFields()'><b>DS_017_verifySignupWithoutMandatoryFields</b><br>Test class: com.dentscribe.testCases_iOS.TestSignUpPage</td>
<td></td>
<td>18</td>
<td>com.dentscribe.testCases_iOS.TestSignUpPage@47f0f414</td></tr>
<tr>
<td title='com.dentscribe.testCases_iOS.TestSettingsPage.verifyPushNotificationsSwitch()'><b>verifyPushNotificationsSwitch</b><br>Test class: com.dentscribe.testCases_iOS.TestSettingsPage</td>
<td></td>
<td>5</td>
<td>com.dentscribe.testCases_iOS.TestSettingsPage@252c6cdb</td></tr>
<tr>
<td title='com.dentscribe.testCases_iOS.TestForgotPassowrdPage.DS_051_verifyForgotPasswordBackIcon()'><b>DS_051_verifyForgotPasswordBackIcon</b><br>Test class: com.dentscribe.testCases_iOS.TestForgotPassowrdPage</td>
<td></td>
<td>1</td>
<td>com.dentscribe.testCases_iOS.TestForgotPassowrdPage@214fba74</td></tr>
<tr>
<td title='com.dentscribe.testCases_iOS.TestCreateUserTakeFreePlanAndBuyPaidPlan.createNewUserAndGoToManageSubscriptionPage()'><b>createNewUserAndGoToManageSubscriptionPage</b><br>Test class: com.dentscribe.testCases_iOS.TestCreateUserTakeFreePlanAndBuyPaidPlan</td>
<td></td>
<td>347</td>
<td>com.dentscribe.testCases_iOS.TestCreateUserTakeFreePlanAndBuyPaidPlan@1d3a03fe</td></tr>
<tr>
<td title='com.dentscribe.testCases_iOS.TestLoginPage.DS_007_verifyLoginWithInvalidPassword()'><b>DS_007_verifyLoginWithInvalidPassword</b><br>Test class: com.dentscribe.testCases_iOS.TestLoginPage</td>
<td></td>
<td>10</td>
<td>com.dentscribe.testCases_iOS.TestLoginPage@401ec794</td></tr>
<tr>
<td title='com.dentscribe.testCases_iOS.TestPatientSearchPage.DS_043_verifyPatientSearchByPatientPhoneNumber()'><b>DS_043_verifyPatientSearchByPatientPhoneNumber</b><br>Test class: com.dentscribe.testCases_iOS.TestPatientSearchPage</td>
<td></td>
<td>27</td>
<td>com.dentscribe.testCases_iOS.TestPatientSearchPage@277bc3a5</td></tr>
<tr>
<td title='com.dentscribe.testCases_iOS.TestSettingsPage.verifyPracticeUpdate()'><b>verifyPracticeUpdate</b><br>Test class: com.dentscribe.testCases_iOS.TestSettingsPage</td>
<td></td>
<td>27</td>
<td>com.dentscribe.testCases_iOS.TestSettingsPage@252c6cdb</td></tr>
<tr>
<td title='com.dentscribe.testCases_iOS.TestSignUpPage.DS_021_verifyExistingAndDuplicateEmailId()'><b>DS_021_verifyExistingAndDuplicateEmailId</b><br>Test class: com.dentscribe.testCases_iOS.TestSignUpPage</td>
<td></td>
<td>47</td>
<td>com.dentscribe.testCases_iOS.TestSignUpPage@47f0f414</td></tr>
<tr>
<td title='com.dentscribe.testCases_iOS.TestSettingsPage.verifyIsSettingsPageExists()'><b>verifyIsSettingsPageExists</b><br>Test class: com.dentscribe.testCases_iOS.TestSettingsPage</td>
<td></td>
<td>37</td>
<td>com.dentscribe.testCases_iOS.TestSettingsPage@252c6cdb</td></tr>
<tr>
<td title='com.dentscribe.testCases_iOS.TestChangePassword.verifyUserShouldLoginFromNewChangedPassword()'><b>verifyUserShouldLoginFromNewChangedPassword</b><br>Test class: com.dentscribe.testCases_iOS.TestChangePassword</td>
<td></td>
<td>15</td>
<td>com.dentscribe.testCases_iOS.TestChangePassword@61c87f1b</td></tr>
<tr>
<td title='com.dentscribe.testCases_iOS.TestSmsVerificationPageAfterSignup.DS_027_verifyWhetherSmsVerificationPageBackIconRedirectToSignupPage()'><b>DS_027_verifyWhetherSmsVerificationPageBackIconRedirectToSignupPage</b><br>Test class: com.dentscribe.testCases_iOS.TestSmsVerificationPageAfterSignup</td>
<td></td>
<td>1</td>
<td>com.dentscribe.testCases_iOS.TestSmsVerificationPageAfterSignup@7e1d8d41</td></tr>
<tr>
<td title='com.dentscribe.testCases_iOS.TestTourPages.DS_035_verifyBackButtonFromLastToFirstTourPage()'><b>DS_035_verifyBackButtonFromLastToFirstTourPage</b><br>Test class: com.dentscribe.testCases_iOS.TestTourPages</td>
<td></td>
<td>4</td>
<td>com.dentscribe.testCases_iOS.TestTourPages@359e27d2</td></tr>
<tr>
<td title='com.dentscribe.testCases_iOS.TestSmsVerificationPageAfterLogin.DS_012_verifySmsVerificationWithWrongOtp()'><b>DS_012_verifySmsVerificationWithWrongOtp</b><br>Test class: com.dentscribe.testCases_iOS.TestSmsVerificationPageAfterLogin</td>
<td></td>
<td>13</td>
<td>com.dentscribe.testCases_iOS.TestSmsVerificationPageAfterLogin@d76099a</td></tr>
<tr>
<td title='com.dentscribe.testCases_iOS.TestLoginPage.DS_008_verifyLoginWithThreeInvalidAttempts()'><b>DS_008_verifyLoginWithThreeInvalidAttempts</b><br>Test class: com.dentscribe.testCases_iOS.TestLoginPage</td>
<td></td>
<td>14</td>
<td>com.dentscribe.testCases_iOS.TestLoginPage@401ec794</td></tr>
<tr>
<td title='com.dentscribe.testCases_iOS.TestSmsVerificationPageAfterSignup.DS_026_verifySmsVerificationWithWrongOtp()'><b>DS_026_verifySmsVerificationWithWrongOtp</b><br>Test class: com.dentscribe.testCases_iOS.TestSmsVerificationPageAfterSignup</td>
<td></td>
<td>13</td>
<td>com.dentscribe.testCases_iOS.TestSmsVerificationPageAfterSignup@7e1d8d41</td></tr>
<tr>
<td title='com.dentscribe.testCases_iOS.TestAllAppointmentStatuses.goToCalendarPageAndSelectAppointmentsDate()'><b>goToCalendarPageAndSelectAppointmentsDate</b><br>Test class: com.dentscribe.testCases_iOS.TestAllAppointmentStatuses</td>
<td></td>
<td>54</td>
<td>com.dentscribe.testCases_iOS.TestAllAppointmentStatuses@f48a080</td></tr>
<tr>
<td title='com.dentscribe.testCases_iOS.TestAllAppointmentStatuses.verifyIsPatientPopupAppearingOnStartButtonClick()'><b>verifyIsPatientPopupAppearingOnStartButtonClick</b><br>Test class: com.dentscribe.testCases_iOS.TestAllAppointmentStatuses</td>
<td></td>
<td>18</td>
<td>com.dentscribe.testCases_iOS.TestAllAppointmentStatuses@f48a080</td></tr>
<tr>
<td title='com.dentscribe.testCases_iOS.TestPatientSearchPage.DS_040_verifyIsPatientSearchPageExists()'><b>DS_040_verifyIsPatientSearchPageExists</b><br>Test class: com.dentscribe.testCases_iOS.TestPatientSearchPage</td>
<td></td>
<td>16</td>
<td>com.dentscribe.testCases_iOS.TestPatientSearchPage@277bc3a5</td></tr>
<tr>
<td title='com.dentscribe.testCases_iOS.TestForgotPassowrdPage.DS_047_verifyForgotPasswordMandatoryFields()'><b>DS_047_verifyForgotPasswordMandatoryFields</b><br>Test class: com.dentscribe.testCases_iOS.TestForgotPassowrdPage</td>
<td></td>
<td>0</td>
<td>com.dentscribe.testCases_iOS.TestForgotPassowrdPage@214fba74</td></tr>
<tr>
<td title='com.dentscribe.testCases_iOS.TestCreateUserTakeFreePlanAndBuyPaidPlan.verifyCanUserTake30DaysFreeTrialPlan()'><b>verifyCanUserTake30DaysFreeTrialPlan</b><br>Test class: com.dentscribe.testCases_iOS.TestCreateUserTakeFreePlanAndBuyPaidPlan</td>
<td></td>
<td>25</td>
<td>com.dentscribe.testCases_iOS.TestCreateUserTakeFreePlanAndBuyPaidPlan@1d3a03fe</td></tr>
<tr>
<td title='com.dentscribe.testCases_iOS.TestCreateUserTakeFreePlanAndBuyPaidPlan.verifyCanUserBuyPaidPlanAfterFreeTrialPlan()'><b>verifyCanUserBuyPaidPlanAfterFreeTrialPlan</b><br>Test class: com.dentscribe.testCases_iOS.TestCreateUserTakeFreePlanAndBuyPaidPlan</td>
<td></td>
<td>37</td>
<td>com.dentscribe.testCases_iOS.TestCreateUserTakeFreePlanAndBuyPaidPlan@1d3a03fe</td></tr>
<tr>
<td title='com.dentscribe.testCases_iOS.TestSmsVerificationPageAfterLogin.DS_015_verifySmsVerificationWithValidOtp()'><b>DS_015_verifySmsVerificationWithValidOtp</b><br>Test class: com.dentscribe.testCases_iOS.TestSmsVerificationPageAfterLogin</td>
<td></td>
<td>28</td>
<td>com.dentscribe.testCases_iOS.TestSmsVerificationPageAfterLogin@d76099a</td></tr>
<tr>
<td title='com.dentscribe.testCases_iOS.TestSettingsPage.verifyAccountInfoUpdate()'><b>verifyAccountInfoUpdate</b><br>Test class: com.dentscribe.testCases_iOS.TestSettingsPage</td>
<td></td>
<td>23</td>
<td>com.dentscribe.testCases_iOS.TestSettingsPage@252c6cdb</td></tr>
<tr>
<td title='com.dentscribe.testCases_iOS.TestSignUpPage.DS_016_verifyIsSignupPageExists()'><b>DS_016_verifyIsSignupPageExists</b><br>Test class: com.dentscribe.testCases_iOS.TestSignUpPage</td>
<td></td>
<td>1</td>
<td>com.dentscribe.testCases_iOS.TestSignUpPage@47f0f414</td></tr>
<tr>
<td title='com.dentscribe.testCases_iOS.TestChangePassword.verifyChangePasswordFromSettingsPage()'><b>verifyChangePasswordFromSettingsPage</b><br>Test class: com.dentscribe.testCases_iOS.TestChangePassword</td>
<td></td>
<td>52</td>
<td>com.dentscribe.testCases_iOS.TestChangePassword@61c87f1b</td></tr>
<tr>
<td title='com.dentscribe.testCases_iOS.TestCreateUserBuyPaidPlanAndCancelPaidPlan.verifyCanUserUpdatePaymentMethod()'><b>verifyCanUserUpdatePaymentMethod</b><br>Test class: com.dentscribe.testCases_iOS.TestCreateUserBuyPaidPlanAndCancelPaidPlan</td>
<td></td>
<td>78</td>
<td>com.dentscribe.testCases_iOS.TestCreateUserBuyPaidPlanAndCancelPaidPlan@5b7ee56c</td></tr>
<tr>
<td title='com.dentscribe.testCases_iOS.TestLoginPage.DS_004_verifyIsLoginPageExistsAndItsFields()'><b>DS_004_verifyIsLoginPageExistsAndItsFields</b><br>Test class: com.dentscribe.testCases_iOS.TestLoginPage</td>
<td></td>
<td>1</td>
<td>com.dentscribe.testCases_iOS.TestLoginPage@401ec794</td></tr>
<tr>
<td title='com.dentscribe.testCases_iOS.TestSignUpPage.DS_019_verifySignupPageForWeakPassword()'><b>DS_019_verifySignupPageForWeakPassword</b><br>Test class: com.dentscribe.testCases_iOS.TestSignUpPage</td>
<td></td>
<td>8</td>
<td>com.dentscribe.testCases_iOS.TestSignUpPage@47f0f414</td></tr>
<tr>
<td title='com.dentscribe.testCases_iOS.TestPatientSearchPage.DS_042_verifyPatientSearchByPatientName()'><b>DS_042_verifyPatientSearchByPatientName</b><br>Test class: com.dentscribe.testCases_iOS.TestPatientSearchPage</td>
<td></td>
<td>27</td>
<td>com.dentscribe.testCases_iOS.TestPatientSearchPage@277bc3a5</td></tr>
<tr>
<td title='com.dentscribe.testCases_iOS.TestTourPages.DS_038_verifyNextButtonOfPatientDatabaseTourPage()'><b>DS_038_verifyNextButtonOfPatientDatabaseTourPage</b><br>Test class: com.dentscribe.testCases_iOS.TestTourPages</td>
<td></td>
<td>7</td>
<td>com.dentscribe.testCases_iOS.TestTourPages@359e27d2</td></tr>
<tr>
<td title='com.dentscribe.testCases_iOS.TestSettingsPage.verifyLogout()'><b>verifyLogout</b><br>Test class: com.dentscribe.testCases_iOS.TestSettingsPage</td>
<td></td>
<td>10</td>
<td>com.dentscribe.testCases_iOS.TestSettingsPage@252c6cdb</td></tr>
<tr>
<td title='com.dentscribe.testCases_iOS.TestSoapReportAndPatientProfilePage.verifyBackIconRecordingPage()'><b>verifyBackIconRecordingPage</b><br>Test class: com.dentscribe.testCases_iOS.TestSoapReportAndPatientProfilePage</td>
<td></td>
<td>5</td>
<td>com.dentscribe.testCases_iOS.TestSoapReportAndPatientProfilePage@5f7cd50e</td></tr>
<tr>
<td title='com.dentscribe.testCases_iOS.TestPatientSearchPage.DS_045_verifyPatientSearchByPatientInsurance()'><b>DS_045_verifyPatientSearchByPatientInsurance</b><br>Test class: com.dentscribe.testCases_iOS.TestPatientSearchPage</td>
<td></td>
<td>21</td>
<td>com.dentscribe.testCases_iOS.TestPatientSearchPage@277bc3a5</td></tr>
<tr>
<td title='com.dentscribe.testCases_iOS.TestSmsVerificationPageAfterLogin.DS_014_verifyWhetherSmsVerificationPageBackIconRedirectToLoginPage()'><b>DS_014_verifyWhetherSmsVerificationPageBackIconRedirectToLoginPage</b><br>Test class: com.dentscribe.testCases_iOS.TestSmsVerificationPageAfterLogin</td>
<td></td>
<td>1</td>
<td>com.dentscribe.testCases_iOS.TestSmsVerificationPageAfterLogin@d76099a</td></tr>
<tr>
<td title='com.dentscribe.testCases_iOS.TestForgotPassowrdPage.DS_046_verityIsForgotPasswordPageExists()'><b>DS_046_verityIsForgotPasswordPageExists</b><br>Test class: com.dentscribe.testCases_iOS.TestForgotPassowrdPage</td>
<td></td>
<td>1</td>
<td>com.dentscribe.testCases_iOS.TestForgotPassowrdPage@214fba74</td></tr>
<tr>
<td title='com.dentscribe.testCases_iOS.TestSmsVerificationPageAfterSignup.DS_027_verifySmsVerificationResendCodeLink()'><b>DS_027_verifySmsVerificationResendCodeLink</b><br>Test class: com.dentscribe.testCases_iOS.TestSmsVerificationPageAfterSignup</td>
<td></td>
<td>22</td>
<td>com.dentscribe.testCases_iOS.TestSmsVerificationPageAfterSignup@7e1d8d41</td></tr>
<tr>
<td title='com.dentscribe.testCases_iOS.TestTourPages.DS_036_verifyRightSwipeFromFirstToLastTourPage()'><b>DS_036_verifyRightSwipeFromFirstToLastTourPage</b><br>Test class: com.dentscribe.testCases_iOS.TestTourPages</td>
<td></td>
<td>6</td>
<td>com.dentscribe.testCases_iOS.TestTourPages@359e27d2</td></tr>
<tr>
<td title='com.dentscribe.testCases_iOS.TestSettingsPage.verifyHelpOptionsSettingsPage()'><b>verifyHelpOptionsSettingsPage</b><br>Test class: com.dentscribe.testCases_iOS.TestSettingsPage</td>
<td></td>
<td>4</td>
<td>com.dentscribe.testCases_iOS.TestSettingsPage@252c6cdb</td></tr>
<tr>
<td title='com.dentscribe.testCases_iOS.TestSettingsPage.verifySmsNotificationsSwitch()'><b>verifySmsNotificationsSwitch</b><br>Test class: com.dentscribe.testCases_iOS.TestSettingsPage</td>
<td></td>
<td>2</td>
<td>com.dentscribe.testCases_iOS.TestSettingsPage@252c6cdb</td></tr>
<tr>
<td title='com.dentscribe.testCases_iOS.TestTourPages.DS_037_verifyLeftSwipeFromLastToFirstTourPage()'><b>DS_037_verifyLeftSwipeFromLastToFirstTourPage</b><br>Test class: com.dentscribe.testCases_iOS.TestTourPages</td>
<td></td>
<td>6</td>
<td>com.dentscribe.testCases_iOS.TestTourPages@359e27d2</td></tr>
<tr>
<td title='com.dentscribe.testCases_iOS.TestCreateUserBuyPaidPlanAndCancelPaidPlan.verifyCreatePracticeInfo()'><b>verifyCreatePracticeInfo</b><br>Test class: com.dentscribe.testCases_iOS.TestCreateUserBuyPaidPlanAndCancelPaidPlan</td>
<td></td>
<td>41</td>
<td>com.dentscribe.testCases_iOS.TestCreateUserBuyPaidPlanAndCancelPaidPlan@5b7ee56c</td></tr>
<tr>
<td title='com.dentscribe.testCases_iOS.TestCreateUserBuyPaidPlanAndCancelPaidPlan.verifyCancelSubscriptionPopup()'><b>verifyCancelSubscriptionPopup</b><br>Test class: com.dentscribe.testCases_iOS.TestCreateUserBuyPaidPlanAndCancelPaidPlan</td>
<td></td>
<td>10</td>
<td>com.dentscribe.testCases_iOS.TestCreateUserBuyPaidPlanAndCancelPaidPlan@5b7ee56c</td></tr>
<tr>
<td title='com.dentscribe.testCases_iOS.TestSignUpPage.DS_018_verifySignupPageForInvalidEmail()'><b>DS_018_verifySignupPageForInvalidEmail</b><br>Test class: com.dentscribe.testCases_iOS.TestSignUpPage</td>
<td></td>
<td>9</td>
<td>com.dentscribe.testCases_iOS.TestSignUpPage@47f0f414</td></tr>
<tr>
<td title='com.dentscribe.testCases_iOS.TestLoginPage.DS_005_verifyLoginWithoutMandatoryFields()'><b>DS_005_verifyLoginWithoutMandatoryFields</b><br>Test class: com.dentscribe.testCases_iOS.TestLoginPage</td>
<td></td>
<td>0</td>
<td>com.dentscribe.testCases_iOS.TestLoginPage@401ec794</td></tr>
<tr>
<td title='com.dentscribe.testCases_iOS.TestSignupAndLoginWithoutRegisterPractice.DS_028_verifySignupWithNonSupportedPMS()'><b>DS_028_verifySignupWithNonSupportedPMS</b><br>Test class: com.dentscribe.testCases_iOS.TestSignupAndLoginWithoutRegisterPractice</td>
<td></td>
<td>48</td>
<td>com.dentscribe.testCases_iOS.TestSignupAndLoginWithoutRegisterPractice@750e2d33</td></tr>
<tr>
<td title='com.dentscribe.testCases_iOS.TestForgotPassowrdPage.DS_048_verifyForgotPasswordForWrongEmailId()'><b>DS_048_verifyForgotPasswordForWrongEmailId</b><br>Test class: com.dentscribe.testCases_iOS.TestForgotPassowrdPage</td>
<td></td>
<td>4</td>
<td>com.dentscribe.testCases_iOS.TestForgotPassowrdPage@214fba74</td></tr>
<tr>
<td title='com.dentscribe.testCases_iOS.TestSignupAndLoginWithoutRegisterPractice.DS_030_verifyWishToContinuePopupBackButton()'><b>DS_030_verifyWishToContinuePopupBackButton</b><br>Test class: com.dentscribe.testCases_iOS.TestSignupAndLoginWithoutRegisterPractice</td>
<td></td>
<td>1</td>
<td>com.dentscribe.testCases_iOS.TestSignupAndLoginWithoutRegisterPractice@750e2d33</td></tr>
<tr>
<td title='com.dentscribe.testCases_iOS.TestPatientSearchPage.DS_039_verifySkipLinkTourPages()'><b>DS_039_verifySkipLinkTourPages</b><br>Test class: com.dentscribe.testCases_iOS.TestPatientSearchPage</td>
<td></td>
<td>29</td>
<td>com.dentscribe.testCases_iOS.TestPatientSearchPage@277bc3a5</td></tr>
<tr>
<td title='com.dentscribe.testCases_iOS.TestCreateUserBuyPaidPlanAndCancelPaidPlan.verifyCanUserCancelSubcription()'><b>verifyCanUserCancelSubcription</b><br>Test class: com.dentscribe.testCases_iOS.TestCreateUserBuyPaidPlanAndCancelPaidPlan</td>
<td></td>
<td>11</td>
<td>com.dentscribe.testCases_iOS.TestCreateUserBuyPaidPlanAndCancelPaidPlan@5b7ee56c</td></tr>
<tr>
<td title='com.dentscribe.testCases_iOS.TestCreateUserBuyPaidPlanAndCancelPaidPlan.verifyEulaAgreementAndAcceptIt()'><b>verifyEulaAgreementAndAcceptIt</b><br>Test class: com.dentscribe.testCases_iOS.TestCreateUserBuyPaidPlanAndCancelPaidPlan</td>
<td></td>
<td>32</td>
<td>com.dentscribe.testCases_iOS.TestCreateUserBuyPaidPlanAndCancelPaidPlan@5b7ee56c</td></tr>
<tr>
<td title='com.dentscribe.testCases_iOS.TestSoapReportAndPatientProfilePage.verifyIsRecordingPageOpenedForExpectedPatient()'><b>verifyIsRecordingPageOpenedForExpectedPatient</b><br>Test class: com.dentscribe.testCases_iOS.TestSoapReportAndPatientProfilePage</td>
<td></td>
<td>102</td>
<td>com.dentscribe.testCases_iOS.TestSoapReportAndPatientProfilePage@5f7cd50e</td></tr>
<tr>
<td title='com.dentscribe.testCases_iOS.TestTourPages.DS_033_verifyIsTourPageExists()'><b>DS_033_verifyIsTourPageExists</b><br>Test class: com.dentscribe.testCases_iOS.TestTourPages</td>
<td></td>
<td>26</td>
<td>com.dentscribe.testCases_iOS.TestTourPages@359e27d2</td></tr>
<tr>
<td title='com.dentscribe.testCases_iOS.TestSignUpPage.DS_020_verifySignupPageForConfirPassowrd()'><b>DS_020_verifySignupPageForConfirPassowrd</b><br>Test class: com.dentscribe.testCases_iOS.TestSignUpPage</td>
<td></td>
<td>12</td>
<td>com.dentscribe.testCases_iOS.TestSignUpPage@47f0f414</td></tr>
<tr>
<td title='com.dentscribe.testCases_iOS.TestCreateUserBuyPaidPlanAndCancelPaidPlan.verifySignupNewUser()'><b>verifySignupNewUser</b><br>Test class: com.dentscribe.testCases_iOS.TestCreateUserBuyPaidPlanAndCancelPaidPlan</td>
<td></td>
<td>68</td>
<td>com.dentscribe.testCases_iOS.TestCreateUserBuyPaidPlanAndCancelPaidPlan@5b7ee56c</td></tr>
<tr>
<td title='com.dentscribe.testCases_iOS.TestCreateUserTakeFreePlanAndBuyPaidPlan.verifyAddPaymentMethodBackIcon()'><b>verifyAddPaymentMethodBackIcon</b><br>Test class: com.dentscribe.testCases_iOS.TestCreateUserTakeFreePlanAndBuyPaidPlan</td>
<td></td>
<td>1</td>
<td>com.dentscribe.testCases_iOS.TestCreateUserTakeFreePlanAndBuyPaidPlan@1d3a03fe</td></tr>
<tr>
<td title='com.dentscribe.testCases_iOS.TestSmsVerificationPageAfterLogin.DS_010_verifyIsSmsVerificationPageExistsAfterLogin()'><b>DS_010_verifyIsSmsVerificationPageExistsAfterLogin</b><br>Test class: com.dentscribe.testCases_iOS.TestSmsVerificationPageAfterLogin</td>
<td></td>
<td>12</td>
<td>com.dentscribe.testCases_iOS.TestSmsVerificationPageAfterLogin@d76099a</td></tr>
<tr>
<td title='com.dentscribe.testCases_iOS.TestAllAppointmentStatuses.verifyStartRecordingButtonOnPatientDetailsPopupAndClick()'><b>verifyStartRecordingButtonOnPatientDetailsPopupAndClick</b><br>Test class: com.dentscribe.testCases_iOS.TestAllAppointmentStatuses</td>
<td></td>
<td>23</td>
<td>com.dentscribe.testCases_iOS.TestAllAppointmentStatuses@f48a080</td></tr>
<tr>
<td title='com.dentscribe.testCases_iOS.TestCreateUserBuyPaidPlanAndCancelPaidPlan.verifyCanUserBuyPlanAgain()'><b>verifyCanUserBuyPlanAgain</b><br>Test class: com.dentscribe.testCases_iOS.TestCreateUserBuyPaidPlanAndCancelPaidPlan</td>
<td></td>
<td>6</td>
<td>com.dentscribe.testCases_iOS.TestCreateUserBuyPaidPlanAndCancelPaidPlan@5b7ee56c</td></tr>
<tr>
<td title='com.dentscribe.testCases_iOS.TestSignupAndLoginWithoutRegisterPractice.DS_032_verifyLoginWithoutRegisterPractice()'><b>DS_032_verifyLoginWithoutRegisterPractice</b><br>Test class: com.dentscribe.testCases_iOS.TestSignupAndLoginWithoutRegisterPractice</td>
<td></td>
<td>10</td>
<td>com.dentscribe.testCases_iOS.TestSignupAndLoginWithoutRegisterPractice@750e2d33</td></tr>
<tr>
<td title='com.dentscribe.testCases_iOS.TestSettingsPage.verifyBackIconSettingsPage()'><b>verifyBackIconSettingsPage</b><br>Test class: com.dentscribe.testCases_iOS.TestSettingsPage</td>
<td></td>
<td>20</td>
<td>com.dentscribe.testCases_iOS.TestSettingsPage@252c6cdb</td></tr>
<tr>
<td title='com.dentscribe.testCases_iOS.TestTourPages.DS_034_verifyNextButtonFromFirstToLastTourPage()'><b>DS_034_verifyNextButtonFromFirstToLastTourPage</b><br>Test class: com.dentscribe.testCases_iOS.TestTourPages</td>
<td></td>
<td>4</td>
<td>com.dentscribe.testCases_iOS.TestTourPages@359e27d2</td></tr>
<tr>
<td title='com.dentscribe.testCases_iOS.TestSmsVerificationPageAfterSignup.DS_028_verifySmsVerificationWithValidOtp()'><b>DS_028_verifySmsVerificationWithValidOtp</b><br>Test class: com.dentscribe.testCases_iOS.TestSmsVerificationPageAfterSignup</td>
<td></td>
<td>20</td>
<td>com.dentscribe.testCases_iOS.TestSmsVerificationPageAfterSignup@7e1d8d41</td></tr>
<tr>
<td title='com.dentscribe.testCases_iOS.TestSignupAndLoginWithoutRegisterPractice.DS_031_verifyPracticeInfoMandatoryFields()'><b>DS_031_verifyPracticeInfoMandatoryFields</b><br>Test class: com.dentscribe.testCases_iOS.TestSignupAndLoginWithoutRegisterPractice</td>
<td></td>
<td>29</td>
<td>com.dentscribe.testCases_iOS.TestSignupAndLoginWithoutRegisterPractice@750e2d33</td></tr>
<tr>
<td title='com.dentscribe.testCases_iOS.TestSettingsPage.verifyEmailNotificationsSwitch()'><b>verifyEmailNotificationsSwitch</b><br>Test class: com.dentscribe.testCases_iOS.TestSettingsPage</td>
<td></td>
<td>5</td>
<td>com.dentscribe.testCases_iOS.TestSettingsPage@252c6cdb</td></tr>
<tr>
<td title='com.dentscribe.testCases_iOS.TestForgotPassowrdPage.DS_050_verifyForgotPasswordForValidEmailId()'><b>DS_050_verifyForgotPasswordForValidEmailId</b><br>Test class: com.dentscribe.testCases_iOS.TestForgotPassowrdPage</td>
<td></td>
<td>6</td>
<td>com.dentscribe.testCases_iOS.TestForgotPassowrdPage@214fba74</td></tr>
<tr>
<td title='com.dentscribe.testCases_iOS.TestCreateUserTakeFreePlanAndBuyPaidPlan.verifyAddPaymentMethodMandatoryFields()'><b>verifyAddPaymentMethodMandatoryFields</b><br>Test class: com.dentscribe.testCases_iOS.TestCreateUserTakeFreePlanAndBuyPaidPlan</td>
<td></td>
<td>15</td>
<td>com.dentscribe.testCases_iOS.TestCreateUserTakeFreePlanAndBuyPaidPlan@1d3a03fe</td></tr>
<tr>
<td title='com.dentscribe.testCases_iOS.TestChangePassword.verifyUserShouldNotLoginFromOldPassword()'><b>verifyUserShouldNotLoginFromOldPassword</b><br>Test class: com.dentscribe.testCases_iOS.TestChangePassword</td>
<td></td>
<td>9</td>
<td>com.dentscribe.testCases_iOS.TestChangePassword@61c87f1b</td></tr>
</table><p>
<table width='100%' border='1' class='invocation-skipped'>
<tr><td colspan='4' align='center'><b>SKIPPED TESTS</b></td></tr>
<tr><td><b>Test method</b></td>
<td width="30%"><b>Exception</b></td>
<td width="10%"><b>Time (seconds)</b></td>
<td><b>Instance</b></td>
</tr>
<tr>
<td title='com.dentscribe.testCases_iOS.TestSoapReportAndPatientProfilePage.updateUserDetailsAndVerifySame()'><b>updateUserDetailsAndVerifySame</b><br>Test class: com.dentscribe.testCases_iOS.TestSoapReportAndPatientProfilePage</td>
<td><div><pre>java.lang.Throwable: Method TestSoapReportAndPatientProfilePage.updateUserDetailsAndVerifySame()[pri:6, instance:com.dentscribe.testCases_iOS.TestSoapReportAndPatientProfilePage@5f7cd50e] depends on not successfully finished methods
	at java.base/java.util.ArrayList.forEach(ArrayList.java:1511)
... Removed 18 stack frames</pre></div><a href='#' onClick='toggleBox("stack-trace1892981397", this, "Click to show all stack frames", "Click to hide stack frames")'>Click to show all stack frames</a>
<div class='stack-trace' id='stack-trace1892981397'><pre>java.lang.Throwable: Method TestSoapReportAndPatientProfilePage.updateUserDetailsAndVerifySame()[pri:6, instance:com.dentscribe.testCases_iOS.TestSoapReportAndPatientProfilePage@5f7cd50e] depends on not successfully finished methods
	at org.testng.internal.TestInvoker.invokeTestMethods(TestInvoker.java:102)
	at org.testng.internal.TestMethodWorker.invokeTestMethods(TestMethodWorker.java:146)
	at org.testng.internal.TestMethodWorker.run(TestMethodWorker.java:128)
	at java.base/java.util.ArrayList.forEach(ArrayList.java:1511)
	at org.testng.TestRunner.privateRun(TestRunner.java:794)
	at org.testng.TestRunner.run(TestRunner.java:596)
	at org.testng.SuiteRunner.runTest(SuiteRunner.java:377)
	at org.testng.SuiteRunner.runSequentially(SuiteRunner.java:371)
	at org.testng.SuiteRunner.privateRun(SuiteRunner.java:332)
	at org.testng.SuiteRunner.run(SuiteRunner.java:276)
	at org.testng.SuiteRunnerWorker.runSuite(SuiteRunnerWorker.java:53)
	at org.testng.SuiteRunnerWorker.run(SuiteRunnerWorker.java:96)
	at org.testng.TestNG.runSuitesSequentially(TestNG.java:1212)
	at org.testng.TestNG.runSuitesLocally(TestNG.java:1134)
	at org.testng.TestNG.runSuites(TestNG.java:1063)
	at org.testng.TestNG.run(TestNG.java:1031)
	at org.testng.remote.AbstractRemoteTestNG.run(AbstractRemoteTestNG.java:115)
	at org.testng.remote.RemoteTestNG.initAndRun(RemoteTestNG.java:251)
	at org.testng.remote.RemoteTestNG.main(RemoteTestNG.java:77)
</pre></div></td>
<td>0</td>
<td>com.dentscribe.testCases_iOS.TestSoapReportAndPatientProfilePage@5f7cd50e</td></tr>
<tr>
<td title='com.dentscribe.testCases_iOS.TestSoapReportAndPatientProfilePage.verifyEditSoapReportAndAddSignatureDuringEditableReport()'><b>verifyEditSoapReportAndAddSignatureDuringEditableReport</b><br>Test class: com.dentscribe.testCases_iOS.TestSoapReportAndPatientProfilePage</td>
<td><div><pre>java.lang.Throwable: Method TestSoapReportAndPatientProfilePage.verifyEditSoapReportAndAddSignatureDuringEditableReport()[pri:5, instance:com.dentscribe.testCases_iOS.TestSoapReportAndPatientProfilePage@5f7cd50e] depends on not successfully finished methods
	at java.base/java.util.ArrayList.forEach(ArrayList.java:1511)
... Removed 18 stack frames</pre></div><a href='#' onClick='toggleBox("stack-trace2110548744", this, "Click to show all stack frames", "Click to hide stack frames")'>Click to show all stack frames</a>
<div class='stack-trace' id='stack-trace2110548744'><pre>java.lang.Throwable: Method TestSoapReportAndPatientProfilePage.verifyEditSoapReportAndAddSignatureDuringEditableReport()[pri:5, instance:com.dentscribe.testCases_iOS.TestSoapReportAndPatientProfilePage@5f7cd50e] depends on not successfully finished methods
	at org.testng.internal.TestInvoker.invokeTestMethods(TestInvoker.java:102)
	at org.testng.internal.TestMethodWorker.invokeTestMethods(TestMethodWorker.java:146)
	at org.testng.internal.TestMethodWorker.run(TestMethodWorker.java:128)
	at java.base/java.util.ArrayList.forEach(ArrayList.java:1511)
	at org.testng.TestRunner.privateRun(TestRunner.java:794)
	at org.testng.TestRunner.run(TestRunner.java:596)
	at org.testng.SuiteRunner.runTest(SuiteRunner.java:377)
	at org.testng.SuiteRunner.runSequentially(SuiteRunner.java:371)
	at org.testng.SuiteRunner.privateRun(SuiteRunner.java:332)
	at org.testng.SuiteRunner.run(SuiteRunner.java:276)
	at org.testng.SuiteRunnerWorker.runSuite(SuiteRunnerWorker.java:53)
	at org.testng.SuiteRunnerWorker.run(SuiteRunnerWorker.java:96)
	at org.testng.TestNG.runSuitesSequentially(TestNG.java:1212)
	at org.testng.TestNG.runSuitesLocally(TestNG.java:1134)
	at org.testng.TestNG.runSuites(TestNG.java:1063)
	at org.testng.TestNG.run(TestNG.java:1031)
	at org.testng.remote.AbstractRemoteTestNG.run(AbstractRemoteTestNG.java:115)
	at org.testng.remote.RemoteTestNG.initAndRun(RemoteTestNG.java:251)
	at org.testng.remote.RemoteTestNG.main(RemoteTestNG.java:77)
</pre></div></td>
<td>0</td>
<td>com.dentscribe.testCases_iOS.TestSoapReportAndPatientProfilePage@5f7cd50e</td></tr>
<tr>
<td title='com.dentscribe.testCases_iOS.TestSoapReportAndPatientProfilePage.verifyBackIconPatientProfilePage()'><b>verifyBackIconPatientProfilePage</b><br>Test class: com.dentscribe.testCases_iOS.TestSoapReportAndPatientProfilePage</td>
<td><div><pre>java.lang.Throwable: Method TestSoapReportAndPatientProfilePage.verifyBackIconPatientProfilePage()[pri:9, instance:com.dentscribe.testCases_iOS.TestSoapReportAndPatientProfilePage@5f7cd50e] depends on not successfully finished methods
	at java.base/java.util.ArrayList.forEach(ArrayList.java:1511)
... Removed 18 stack frames</pre></div><a href='#' onClick='toggleBox("stack-trace225372219", this, "Click to show all stack frames", "Click to hide stack frames")'>Click to show all stack frames</a>
<div class='stack-trace' id='stack-trace225372219'><pre>java.lang.Throwable: Method TestSoapReportAndPatientProfilePage.verifyBackIconPatientProfilePage()[pri:9, instance:com.dentscribe.testCases_iOS.TestSoapReportAndPatientProfilePage@5f7cd50e] depends on not successfully finished methods
	at org.testng.internal.TestInvoker.invokeTestMethods(TestInvoker.java:102)
	at org.testng.internal.TestMethodWorker.invokeTestMethods(TestMethodWorker.java:146)
	at org.testng.internal.TestMethodWorker.run(TestMethodWorker.java:128)
	at java.base/java.util.ArrayList.forEach(ArrayList.java:1511)
	at org.testng.TestRunner.privateRun(TestRunner.java:794)
	at org.testng.TestRunner.run(TestRunner.java:596)
	at org.testng.SuiteRunner.runTest(SuiteRunner.java:377)
	at org.testng.SuiteRunner.runSequentially(SuiteRunner.java:371)
	at org.testng.SuiteRunner.privateRun(SuiteRunner.java:332)
	at org.testng.SuiteRunner.run(SuiteRunner.java:276)
	at org.testng.SuiteRunnerWorker.runSuite(SuiteRunnerWorker.java:53)
	at org.testng.SuiteRunnerWorker.run(SuiteRunnerWorker.java:96)
	at org.testng.TestNG.runSuitesSequentially(TestNG.java:1212)
	at org.testng.TestNG.runSuitesLocally(TestNG.java:1134)
	at org.testng.TestNG.runSuites(TestNG.java:1063)
	at org.testng.TestNG.run(TestNG.java:1031)
	at org.testng.remote.AbstractRemoteTestNG.run(AbstractRemoteTestNG.java:115)
	at org.testng.remote.RemoteTestNG.initAndRun(RemoteTestNG.java:251)
	at org.testng.remote.RemoteTestNG.main(RemoteTestNG.java:77)
</pre></div></td>
<td>0</td>
<td>com.dentscribe.testCases_iOS.TestSoapReportAndPatientProfilePage@5f7cd50e</td></tr>
<tr>
<td title='com.dentscribe.testCases_iOS.TestAllAppointmentStatuses.verifyIsPatientPopupAppearingOnContinueButtonClick()'><b>verifyIsPatientPopupAppearingOnContinueButtonClick</b><br>Test class: com.dentscribe.testCases_iOS.TestAllAppointmentStatuses</td>
<td><div><pre>java.lang.Throwable: Method TestAllAppointmentStatuses.verifyIsPatientPopupAppearingOnContinueButtonClick()[pri:5, instance:com.dentscribe.testCases_iOS.TestAllAppointmentStatuses@f48a080] depends on not successfully finished methods
	at java.base/java.util.ArrayList.forEach(ArrayList.java:1511)
... Removed 18 stack frames</pre></div><a href='#' onClick='toggleBox("stack-trace728260688", this, "Click to show all stack frames", "Click to hide stack frames")'>Click to show all stack frames</a>
<div class='stack-trace' id='stack-trace728260688'><pre>java.lang.Throwable: Method TestAllAppointmentStatuses.verifyIsPatientPopupAppearingOnContinueButtonClick()[pri:5, instance:com.dentscribe.testCases_iOS.TestAllAppointmentStatuses@f48a080] depends on not successfully finished methods
	at org.testng.internal.TestInvoker.invokeTestMethods(TestInvoker.java:102)
	at org.testng.internal.TestMethodWorker.invokeTestMethods(TestMethodWorker.java:146)
	at org.testng.internal.TestMethodWorker.run(TestMethodWorker.java:128)
	at java.base/java.util.ArrayList.forEach(ArrayList.java:1511)
	at org.testng.TestRunner.privateRun(TestRunner.java:794)
	at org.testng.TestRunner.run(TestRunner.java:596)
	at org.testng.SuiteRunner.runTest(SuiteRunner.java:377)
	at org.testng.SuiteRunner.runSequentially(SuiteRunner.java:371)
	at org.testng.SuiteRunner.privateRun(SuiteRunner.java:332)
	at org.testng.SuiteRunner.run(SuiteRunner.java:276)
	at org.testng.SuiteRunnerWorker.runSuite(SuiteRunnerWorker.java:53)
	at org.testng.SuiteRunnerWorker.run(SuiteRunnerWorker.java:96)
	at org.testng.TestNG.runSuitesSequentially(TestNG.java:1212)
	at org.testng.TestNG.runSuitesLocally(TestNG.java:1134)
	at org.testng.TestNG.runSuites(TestNG.java:1063)
	at org.testng.TestNG.run(TestNG.java:1031)
	at org.testng.remote.AbstractRemoteTestNG.run(AbstractRemoteTestNG.java:115)
	at org.testng.remote.RemoteTestNG.initAndRun(RemoteTestNG.java:251)
	at org.testng.remote.RemoteTestNG.main(RemoteTestNG.java:77)
</pre></div></td>
<td>0</td>
<td>com.dentscribe.testCases_iOS.TestAllAppointmentStatuses@f48a080</td></tr>
<tr>
<td title='com.dentscribe.testCases_iOS.TestAllAppointmentStatuses.verifyReviewedButtonAndClickToVerifySoapReport()'><b>verifyReviewedButtonAndClickToVerifySoapReport</b><br>Test class: com.dentscribe.testCases_iOS.TestAllAppointmentStatuses</td>
<td><div><pre>java.lang.Throwable: Method TestAllAppointmentStatuses.verifyReviewedButtonAndClickToVerifySoapReport()[pri:9, instance:com.dentscribe.testCases_iOS.TestAllAppointmentStatuses@f48a080] depends on not successfully finished methods
	at java.base/java.util.ArrayList.forEach(ArrayList.java:1511)
... Removed 18 stack frames</pre></div><a href='#' onClick='toggleBox("stack-trace646055594", this, "Click to show all stack frames", "Click to hide stack frames")'>Click to show all stack frames</a>
<div class='stack-trace' id='stack-trace646055594'><pre>java.lang.Throwable: Method TestAllAppointmentStatuses.verifyReviewedButtonAndClickToVerifySoapReport()[pri:9, instance:com.dentscribe.testCases_iOS.TestAllAppointmentStatuses@f48a080] depends on not successfully finished methods
	at org.testng.internal.TestInvoker.invokeTestMethods(TestInvoker.java:102)
	at org.testng.internal.TestMethodWorker.invokeTestMethods(TestMethodWorker.java:146)
	at org.testng.internal.TestMethodWorker.run(TestMethodWorker.java:128)
	at java.base/java.util.ArrayList.forEach(ArrayList.java:1511)
	at org.testng.TestRunner.privateRun(TestRunner.java:794)
	at org.testng.TestRunner.run(TestRunner.java:596)
	at org.testng.SuiteRunner.runTest(SuiteRunner.java:377)
	at org.testng.SuiteRunner.runSequentially(SuiteRunner.java:371)
	at org.testng.SuiteRunner.privateRun(SuiteRunner.java:332)
	at org.testng.SuiteRunner.run(SuiteRunner.java:276)
	at org.testng.SuiteRunnerWorker.runSuite(SuiteRunnerWorker.java:53)
	at org.testng.SuiteRunnerWorker.run(SuiteRunnerWorker.java:96)
	at org.testng.TestNG.runSuitesSequentially(TestNG.java:1212)
	at org.testng.TestNG.runSuitesLocally(TestNG.java:1134)
	at org.testng.TestNG.runSuites(TestNG.java:1063)
	at org.testng.TestNG.run(TestNG.java:1031)
	at org.testng.remote.AbstractRemoteTestNG.run(AbstractRemoteTestNG.java:115)
	at org.testng.remote.RemoteTestNG.initAndRun(RemoteTestNG.java:251)
	at org.testng.remote.RemoteTestNG.main(RemoteTestNG.java:77)
</pre></div></td>
<td>0</td>
<td>com.dentscribe.testCases_iOS.TestAllAppointmentStatuses@f48a080</td></tr>
<tr>
<td title='com.dentscribe.testCases_iOS.TestSoapReportAndPatientProfilePage.verifyEditIconSoapReport()'><b>verifyEditIconSoapReport</b><br>Test class: com.dentscribe.testCases_iOS.TestSoapReportAndPatientProfilePage</td>
<td><div><pre>java.lang.Throwable: Method TestSoapReportAndPatientProfilePage.verifyEditIconSoapReport()[pri:4, instance:com.dentscribe.testCases_iOS.TestSoapReportAndPatientProfilePage@5f7cd50e] depends on not successfully finished methods
	at java.base/java.util.ArrayList.forEach(ArrayList.java:1511)
... Removed 18 stack frames</pre></div><a href='#' onClick='toggleBox("stack-trace549076050", this, "Click to show all stack frames", "Click to hide stack frames")'>Click to show all stack frames</a>
<div class='stack-trace' id='stack-trace549076050'><pre>java.lang.Throwable: Method TestSoapReportAndPatientProfilePage.verifyEditIconSoapReport()[pri:4, instance:com.dentscribe.testCases_iOS.TestSoapReportAndPatientProfilePage@5f7cd50e] depends on not successfully finished methods
	at org.testng.internal.TestInvoker.invokeTestMethods(TestInvoker.java:102)
	at org.testng.internal.TestMethodWorker.invokeTestMethods(TestMethodWorker.java:146)
	at org.testng.internal.TestMethodWorker.run(TestMethodWorker.java:128)
	at java.base/java.util.ArrayList.forEach(ArrayList.java:1511)
	at org.testng.TestRunner.privateRun(TestRunner.java:794)
	at org.testng.TestRunner.run(TestRunner.java:596)
	at org.testng.SuiteRunner.runTest(SuiteRunner.java:377)
	at org.testng.SuiteRunner.runSequentially(SuiteRunner.java:371)
	at org.testng.SuiteRunner.privateRun(SuiteRunner.java:332)
	at org.testng.SuiteRunner.run(SuiteRunner.java:276)
	at org.testng.SuiteRunnerWorker.runSuite(SuiteRunnerWorker.java:53)
	at org.testng.SuiteRunnerWorker.run(SuiteRunnerWorker.java:96)
	at org.testng.TestNG.runSuitesSequentially(TestNG.java:1212)
	at org.testng.TestNG.runSuitesLocally(TestNG.java:1134)
	at org.testng.TestNG.runSuites(TestNG.java:1063)
	at org.testng.TestNG.run(TestNG.java:1031)
	at org.testng.remote.AbstractRemoteTestNG.run(AbstractRemoteTestNG.java:115)
	at org.testng.remote.RemoteTestNG.initAndRun(RemoteTestNG.java:251)
	at org.testng.remote.RemoteTestNG.main(RemoteTestNG.java:77)
</pre></div></td>
<td>0</td>
<td>com.dentscribe.testCases_iOS.TestSoapReportAndPatientProfilePage@5f7cd50e</td></tr>
<tr>
<td title='com.dentscribe.testCases_iOS.TestAllAppointmentStatuses.addSignatureInSoapReportAndSubmit()'><b>addSignatureInSoapReportAndSubmit</b><br>Test class: com.dentscribe.testCases_iOS.TestAllAppointmentStatuses</td>
<td><div><pre>java.lang.Throwable: Method TestAllAppointmentStatuses.addSignatureInSoapReportAndSubmit()[pri:8, instance:com.dentscribe.testCases_iOS.TestAllAppointmentStatuses@f48a080] depends on not successfully finished methods
	at java.base/java.util.ArrayList.forEach(ArrayList.java:1511)
... Removed 18 stack frames</pre></div><a href='#' onClick='toggleBox("stack-trace1317808119", this, "Click to show all stack frames", "Click to hide stack frames")'>Click to show all stack frames</a>
<div class='stack-trace' id='stack-trace1317808119'><pre>java.lang.Throwable: Method TestAllAppointmentStatuses.addSignatureInSoapReportAndSubmit()[pri:8, instance:com.dentscribe.testCases_iOS.TestAllAppointmentStatuses@f48a080] depends on not successfully finished methods
	at org.testng.internal.TestInvoker.invokeTestMethods(TestInvoker.java:102)
	at org.testng.internal.TestMethodWorker.invokeTestMethods(TestMethodWorker.java:146)
	at org.testng.internal.TestMethodWorker.run(TestMethodWorker.java:128)
	at java.base/java.util.ArrayList.forEach(ArrayList.java:1511)
	at org.testng.TestRunner.privateRun(TestRunner.java:794)
	at org.testng.TestRunner.run(TestRunner.java:596)
	at org.testng.SuiteRunner.runTest(SuiteRunner.java:377)
	at org.testng.SuiteRunner.runSequentially(SuiteRunner.java:371)
	at org.testng.SuiteRunner.privateRun(SuiteRunner.java:332)
	at org.testng.SuiteRunner.run(SuiteRunner.java:276)
	at org.testng.SuiteRunnerWorker.runSuite(SuiteRunnerWorker.java:53)
	at org.testng.SuiteRunnerWorker.run(SuiteRunnerWorker.java:96)
	at org.testng.TestNG.runSuitesSequentially(TestNG.java:1212)
	at org.testng.TestNG.runSuitesLocally(TestNG.java:1134)
	at org.testng.TestNG.runSuites(TestNG.java:1063)
	at org.testng.TestNG.run(TestNG.java:1031)
	at org.testng.remote.AbstractRemoteTestNG.run(AbstractRemoteTestNG.java:115)
	at org.testng.remote.RemoteTestNG.initAndRun(RemoteTestNG.java:251)
	at org.testng.remote.RemoteTestNG.main(RemoteTestNG.java:77)
</pre></div></td>
<td>0</td>
<td>com.dentscribe.testCases_iOS.TestAllAppointmentStatuses@f48a080</td></tr>
<tr>
<td title='com.dentscribe.testCases_iOS.TestAllAppointmentStatuses.verifyContinueRecordingButtonOnPatientDetailsPopupAndClick()'><b>verifyContinueRecordingButtonOnPatientDetailsPopupAndClick</b><br>Test class: com.dentscribe.testCases_iOS.TestAllAppointmentStatuses</td>
<td><div><pre>java.lang.Throwable: Method TestAllAppointmentStatuses.verifyContinueRecordingButtonOnPatientDetailsPopupAndClick()[pri:6, instance:com.dentscribe.testCases_iOS.TestAllAppointmentStatuses@f48a080] depends on not successfully finished methods
	at java.base/java.util.ArrayList.forEach(ArrayList.java:1511)
... Removed 18 stack frames</pre></div><a href='#' onClick='toggleBox("stack-trace1915163610", this, "Click to show all stack frames", "Click to hide stack frames")'>Click to show all stack frames</a>
<div class='stack-trace' id='stack-trace1915163610'><pre>java.lang.Throwable: Method TestAllAppointmentStatuses.verifyContinueRecordingButtonOnPatientDetailsPopupAndClick()[pri:6, instance:com.dentscribe.testCases_iOS.TestAllAppointmentStatuses@f48a080] depends on not successfully finished methods
	at org.testng.internal.TestInvoker.invokeTestMethods(TestInvoker.java:102)
	at org.testng.internal.TestMethodWorker.invokeTestMethods(TestMethodWorker.java:146)
	at org.testng.internal.TestMethodWorker.run(TestMethodWorker.java:128)
	at java.base/java.util.ArrayList.forEach(ArrayList.java:1511)
	at org.testng.TestRunner.privateRun(TestRunner.java:794)
	at org.testng.TestRunner.run(TestRunner.java:596)
	at org.testng.SuiteRunner.runTest(SuiteRunner.java:377)
	at org.testng.SuiteRunner.runSequentially(SuiteRunner.java:371)
	at org.testng.SuiteRunner.privateRun(SuiteRunner.java:332)
	at org.testng.SuiteRunner.run(SuiteRunner.java:276)
	at org.testng.SuiteRunnerWorker.runSuite(SuiteRunnerWorker.java:53)
	at org.testng.SuiteRunnerWorker.run(SuiteRunnerWorker.java:96)
	at org.testng.TestNG.runSuitesSequentially(TestNG.java:1212)
	at org.testng.TestNG.runSuitesLocally(TestNG.java:1134)
	at org.testng.TestNG.runSuites(TestNG.java:1063)
	at org.testng.TestNG.run(TestNG.java:1031)
	at org.testng.remote.AbstractRemoteTestNG.run(AbstractRemoteTestNG.java:115)
	at org.testng.remote.RemoteTestNG.initAndRun(RemoteTestNG.java:251)
	at org.testng.remote.RemoteTestNG.main(RemoteTestNG.java:77)
</pre></div></td>
<td>0</td>
<td>com.dentscribe.testCases_iOS.TestAllAppointmentStatuses@f48a080</td></tr>
<tr>
<td title='com.dentscribe.testCases_iOS.TestSoapReportAndPatientProfilePage.verifyBackIconSoapReportAndReviewedButtonForAppointment()'><b>verifyBackIconSoapReportAndReviewedButtonForAppointment</b><br>Test class: com.dentscribe.testCases_iOS.TestSoapReportAndPatientProfilePage</td>
<td><div><pre>java.lang.Throwable: Method TestSoapReportAndPatientProfilePage.verifyBackIconSoapReportAndReviewedButtonForAppointment()[pri:7, instance:com.dentscribe.testCases_iOS.TestSoapReportAndPatientProfilePage@5f7cd50e] depends on not successfully finished methods
	at java.base/java.util.ArrayList.forEach(ArrayList.java:1511)
... Removed 18 stack frames</pre></div><a href='#' onClick='toggleBox("stack-trace900936158", this, "Click to show all stack frames", "Click to hide stack frames")'>Click to show all stack frames</a>
<div class='stack-trace' id='stack-trace900936158'><pre>java.lang.Throwable: Method TestSoapReportAndPatientProfilePage.verifyBackIconSoapReportAndReviewedButtonForAppointment()[pri:7, instance:com.dentscribe.testCases_iOS.TestSoapReportAndPatientProfilePage@5f7cd50e] depends on not successfully finished methods
	at org.testng.internal.TestInvoker.invokeTestMethods(TestInvoker.java:102)
	at org.testng.internal.TestMethodWorker.invokeTestMethods(TestMethodWorker.java:146)
	at org.testng.internal.TestMethodWorker.run(TestMethodWorker.java:128)
	at java.base/java.util.ArrayList.forEach(ArrayList.java:1511)
	at org.testng.TestRunner.privateRun(TestRunner.java:794)
	at org.testng.TestRunner.run(TestRunner.java:596)
	at org.testng.SuiteRunner.runTest(SuiteRunner.java:377)
	at org.testng.SuiteRunner.runSequentially(SuiteRunner.java:371)
	at org.testng.SuiteRunner.privateRun(SuiteRunner.java:332)
	at org.testng.SuiteRunner.run(SuiteRunner.java:276)
	at org.testng.SuiteRunnerWorker.runSuite(SuiteRunnerWorker.java:53)
	at org.testng.SuiteRunnerWorker.run(SuiteRunnerWorker.java:96)
	at org.testng.TestNG.runSuitesSequentially(TestNG.java:1212)
	at org.testng.TestNG.runSuitesLocally(TestNG.java:1134)
	at org.testng.TestNG.runSuites(TestNG.java:1063)
	at org.testng.TestNG.run(TestNG.java:1031)
	at org.testng.remote.AbstractRemoteTestNG.run(AbstractRemoteTestNG.java:115)
	at org.testng.remote.RemoteTestNG.initAndRun(RemoteTestNG.java:251)
	at org.testng.remote.RemoteTestNG.main(RemoteTestNG.java:77)
</pre></div></td>
<td>0</td>
<td>com.dentscribe.testCases_iOS.TestSoapReportAndPatientProfilePage@5f7cd50e</td></tr>
<tr>
<td title='com.dentscribe.testCases_iOS.TestSoapReportAndPatientProfilePage.verifyPatientProfilePage()'><b>verifyPatientProfilePage</b><br>Test class: com.dentscribe.testCases_iOS.TestSoapReportAndPatientProfilePage</td>
<td><div><pre>java.lang.Throwable: Method TestSoapReportAndPatientProfilePage.verifyPatientProfilePage()[pri:8, instance:com.dentscribe.testCases_iOS.TestSoapReportAndPatientProfilePage@5f7cd50e] depends on not successfully finished methods
	at java.base/java.util.ArrayList.forEach(ArrayList.java:1511)
... Removed 18 stack frames</pre></div><a href='#' onClick='toggleBox("stack-trace184704815", this, "Click to show all stack frames", "Click to hide stack frames")'>Click to show all stack frames</a>
<div class='stack-trace' id='stack-trace184704815'><pre>java.lang.Throwable: Method TestSoapReportAndPatientProfilePage.verifyPatientProfilePage()[pri:8, instance:com.dentscribe.testCases_iOS.TestSoapReportAndPatientProfilePage@5f7cd50e] depends on not successfully finished methods
	at org.testng.internal.TestInvoker.invokeTestMethods(TestInvoker.java:102)
	at org.testng.internal.TestMethodWorker.invokeTestMethods(TestMethodWorker.java:146)
	at org.testng.internal.TestMethodWorker.run(TestMethodWorker.java:128)
	at java.base/java.util.ArrayList.forEach(ArrayList.java:1511)
	at org.testng.TestRunner.privateRun(TestRunner.java:794)
	at org.testng.TestRunner.run(TestRunner.java:596)
	at org.testng.SuiteRunner.runTest(SuiteRunner.java:377)
	at org.testng.SuiteRunner.runSequentially(SuiteRunner.java:371)
	at org.testng.SuiteRunner.privateRun(SuiteRunner.java:332)
	at org.testng.SuiteRunner.run(SuiteRunner.java:276)
	at org.testng.SuiteRunnerWorker.runSuite(SuiteRunnerWorker.java:53)
	at org.testng.SuiteRunnerWorker.run(SuiteRunnerWorker.java:96)
	at org.testng.TestNG.runSuitesSequentially(TestNG.java:1212)
	at org.testng.TestNG.runSuitesLocally(TestNG.java:1134)
	at org.testng.TestNG.runSuites(TestNG.java:1063)
	at org.testng.TestNG.run(TestNG.java:1031)
	at org.testng.remote.AbstractRemoteTestNG.run(AbstractRemoteTestNG.java:115)
	at org.testng.remote.RemoteTestNG.initAndRun(RemoteTestNG.java:251)
	at org.testng.remote.RemoteTestNG.main(RemoteTestNG.java:77)
</pre></div></td>
<td>0</td>
<td>com.dentscribe.testCases_iOS.TestSoapReportAndPatientProfilePage@5f7cd50e</td></tr>
<tr>
<td title='com.dentscribe.testCases_iOS.TestAllAppointmentStatuses.verifyReviewButtonAfterStopRecording()'><b>verifyReviewButtonAfterStopRecording</b><br>Test class: com.dentscribe.testCases_iOS.TestAllAppointmentStatuses</td>
<td><div><pre>java.lang.Throwable: Method TestAllAppointmentStatuses.verifyReviewButtonAfterStopRecording()[pri:7, instance:com.dentscribe.testCases_iOS.TestAllAppointmentStatuses@f48a080] depends on not successfully finished methods
	at java.base/java.util.ArrayList.forEach(ArrayList.java:1511)
... Removed 18 stack frames</pre></div><a href='#' onClick='toggleBox("stack-trace311004791", this, "Click to show all stack frames", "Click to hide stack frames")'>Click to show all stack frames</a>
<div class='stack-trace' id='stack-trace311004791'><pre>java.lang.Throwable: Method TestAllAppointmentStatuses.verifyReviewButtonAfterStopRecording()[pri:7, instance:com.dentscribe.testCases_iOS.TestAllAppointmentStatuses@f48a080] depends on not successfully finished methods
	at org.testng.internal.TestInvoker.invokeTestMethods(TestInvoker.java:102)
	at org.testng.internal.TestMethodWorker.invokeTestMethods(TestMethodWorker.java:146)
	at org.testng.internal.TestMethodWorker.run(TestMethodWorker.java:128)
	at java.base/java.util.ArrayList.forEach(ArrayList.java:1511)
	at org.testng.TestRunner.privateRun(TestRunner.java:794)
	at org.testng.TestRunner.run(TestRunner.java:596)
	at org.testng.SuiteRunner.runTest(SuiteRunner.java:377)
	at org.testng.SuiteRunner.runSequentially(SuiteRunner.java:371)
	at org.testng.SuiteRunner.privateRun(SuiteRunner.java:332)
	at org.testng.SuiteRunner.run(SuiteRunner.java:276)
	at org.testng.SuiteRunnerWorker.runSuite(SuiteRunnerWorker.java:53)
	at org.testng.SuiteRunnerWorker.run(SuiteRunnerWorker.java:96)
	at org.testng.TestNG.runSuitesSequentially(TestNG.java:1212)
	at org.testng.TestNG.runSuitesLocally(TestNG.java:1134)
	at org.testng.TestNG.runSuites(TestNG.java:1063)
	at org.testng.TestNG.run(TestNG.java:1031)
	at org.testng.remote.AbstractRemoteTestNG.run(AbstractRemoteTestNG.java:115)
	at org.testng.remote.RemoteTestNG.initAndRun(RemoteTestNG.java:251)
	at org.testng.remote.RemoteTestNG.main(RemoteTestNG.java:77)
</pre></div></td>
<td>0</td>
<td>com.dentscribe.testCases_iOS.TestAllAppointmentStatuses@f48a080</td></tr>
</table><p>
</body>
</html>