<?xml version="1.0" encoding="UTF-8"?>
<!-- Generated by org.testng.reporters.JUnitReportReporter -->
<testsuite hostname="MCL-0048s-MacBook-Pro.local" failures="0" tests="8" name="com.dentscribe.testCases_iOS.TestSignUpPage" time="131.530" errors="3" timestamp="2023-12-21T18:21:21 IST" skipped="0">
  <testcase classname="com.dentscribe.testCases_iOS.TestSignUpPage" name="DS_016_verifyIsSignupPageExists" time="1.181"/>
  <system-out/>
  <testcase classname="com.dentscribe.testCases_iOS.TestSignUpPage" name="DS_017_verifySignupWithoutMandatoryFields" time="18.999"/>
  <system-out/>
  <testcase classname="com.dentscribe.testCases_iOS.TestSignUpPage" name="DS_018_verifySignupPageForInvalidEmail" time="9.276"/>
  <system-out/>
  <testcase classname="com.dentscribe.testCases_iOS.TestSignUpPage" name="DS_019_verifySignupPageForWeakPassword" time="8.172"/>
  <system-out/>
  <testcase classname="com.dentscribe.testCases_iOS.TestSignUpPage" name="DS_020_verifySignupPageForConfirPassowrd" time="12.860"/>
  <system-out/>
  <testcase classname="com.dentscribe.testCases_iOS.TestSignUpPage" name="DS_021_verifyExistingAndDuplicateEmailId" time="15.592">
    <error message="Keys to send should be a not null CharSequence" type="java.lang.IllegalArgumentException">
      <![CDATA[java.lang.IllegalArgumentException: Keys to send should be a not null CharSequence
at org.openqa.selenium.remote.RemoteWebElement.sendKeys(RemoteWebElement.java:97)
at com.dentscribe.common.CommonMethods.sendKeys(CommonMethods.java:141)
at com.dentscribe.pages.ios.SignUpPage.verifyExistingEmailId(SignUpPage.java:306)
at com.dentscribe.testCases_iOS.TestSignUpPage.DS_021_verifyExistingAndDuplicateEmailId(TestSignUpPage.java:44)
at java.base/jdk.internal.reflect.DirectMethodHandleAccessor.invoke(DirectMethodHandleAccessor.java:104)
at java.base/java.lang.reflect.Method.invoke(Method.java:578)
at org.testng.internal.MethodInvocationHelper.invokeMethod(MethodInvocationHelper.java:133)
at org.testng.internal.TestInvoker.invokeMethod(TestInvoker.java:598)
at org.testng.internal.TestInvoker.invokeTestMethod(TestInvoker.java:173)
at org.testng.internal.MethodRunner.runInSequence(MethodRunner.java:46)
at org.testng.internal.TestInvoker$MethodInvocationAgent.invoke(TestInvoker.java:824)
at org.testng.internal.TestInvoker.invokeTestMethods(TestInvoker.java:146)
at org.testng.internal.TestMethodWorker.invokeTestMethods(TestMethodWorker.java:146)
at org.testng.internal.TestMethodWorker.run(TestMethodWorker.java:128)
at java.base/java.util.ArrayList.forEach(ArrayList.java:1511)
at org.testng.TestRunner.privateRun(TestRunner.java:794)
at org.testng.TestRunner.run(TestRunner.java:596)
at org.testng.SuiteRunner.runTest(SuiteRunner.java:377)
at org.testng.SuiteRunner.runSequentially(SuiteRunner.java:371)
at org.testng.SuiteRunner.privateRun(SuiteRunner.java:332)
at org.testng.SuiteRunner.run(SuiteRunner.java:276)
at org.testng.SuiteRunnerWorker.runSuite(SuiteRunnerWorker.java:53)
at org.testng.SuiteRunnerWorker.run(SuiteRunnerWorker.java:96)
at org.testng.TestNG.runSuitesSequentially(TestNG.java:1212)
at org.testng.TestNG.runSuitesLocally(TestNG.java:1134)
at org.testng.TestNG.runSuites(TestNG.java:1063)
at org.testng.TestNG.run(TestNG.java:1031)
at org.testng.remote.AbstractRemoteTestNG.run(AbstractRemoteTestNG.java:115)
at org.testng.remote.RemoteTestNG.initAndRun(RemoteTestNG.java:251)
at org.testng.remote.RemoteTestNG.main(RemoteTestNG.java:77)
]]>
    </error>
  </testcase> <!-- DS_021_verifyExistingAndDuplicateEmailId -->
  <system-out/>
  <testcase classname="com.dentscribe.testCases_iOS.TestSignUpPage" name="DS_022_verifySignupWithOnlyMandatoryFields" time="30.629">
    <error message="Expected condition failed: waiting for visibility of [[IOSDriver:  on IOS (308535da-2ca0-4217-810e-9c758084c5f5)] -&gt; xpath: //XCUIElementTypeTextField[@name=&#039;email-input&#039;]] (tried for 30 second(s) with 500 milliseconds interval)
Build info: version: &#039;4.13.0&#039;, revision: &#039;ba948ece5b*&#039;
System info: os.name: &#039;Mac OS X&#039;, os.arch: &#039;aarch64&#039;, os.version: &#039;13.4&#039;, java.version: &#039;20.0.2&#039;
Driver info: io.appium.java_client.ios.IOSDriver
Capabilities {appium:app: //Users//mcl-0048/Desktop//..., appium:automationName: XCuiTest, appium:databaseEnabled: false, appium:deviceName: iPhone 14 Plus, appium:javascriptEnabled: true, appium:locationContextEnabled: false, appium:networkConnectionEnabled: false, appium:newCommandTimeout: 5400, appium:platformVersion: 16.4, appium:takesScreenshot: true, appium:udid: 2A4A9901-84B0-429C-B765-6C1..., appium:webStorageEnabled: false, platformName: IOS}
Session ID: 308535da-2ca0-4217-810e-9c758084c5f5" type="org.openqa.selenium.TimeoutException">
      <![CDATA[org.openqa.selenium.TimeoutException: Expected condition failed: waiting for visibility of [[IOSDriver:  on IOS (308535da-2ca0-4217-810e-9c758084c5f5)] -> xpath: //XCUIElementTypeTextField[@name='email-input']] (tried for 30 second(s) with 500 milliseconds interval)
Build info: version: '4.13.0', revision: 'ba948ece5b*'
System info: os.name: 'Mac OS X', os.arch: 'aarch64', os.version: '13.4', java.version: '20.0.2'
Driver info: io.appium.java_client.ios.IOSDriver
Capabilities {appium:app: //Users//mcl-0048/Desktop//..., appium:automationName: XCuiTest, appium:databaseEnabled: false, appium:deviceName: iPhone 14 Plus, appium:javascriptEnabled: true, appium:locationContextEnabled: false, appium:networkConnectionEnabled: false, appium:newCommandTimeout: 5400, appium:platformVersion: 16.4, appium:takesScreenshot: true, appium:udid: 2A4A9901-84B0-429C-B765-6C1..., appium:webStorageEnabled: false, platformName: IOS}
Session ID: 308535da-2ca0-4217-810e-9c758084c5f5
at org.openqa.selenium.support.ui.WebDriverWait.timeoutException(WebDriverWait.java:84)
at org.openqa.selenium.support.ui.FluentWait.until(FluentWait.java:230)
at com.dentscribe.common.CommonMethods.sendKeys(CommonMethods.java:130)
at com.dentscribe.pages.ios.SignUpPage.verifyAccountCreateByMandatoryFields(SignUpPage.java:331)
at com.dentscribe.testCases_iOS.TestSignUpPage.DS_022_verifySignupWithOnlyMandatoryFields(TestSignUpPage.java:50)
at java.base/jdk.internal.reflect.DirectMethodHandleAccessor.invoke(DirectMethodHandleAccessor.java:104)
at java.base/java.lang.reflect.Method.invoke(Method.java:578)
at org.testng.internal.MethodInvocationHelper.invokeMethod(MethodInvocationHelper.java:133)
at org.testng.internal.TestInvoker.invokeMethod(TestInvoker.java:598)
at org.testng.internal.TestInvoker.invokeTestMethod(TestInvoker.java:173)
at org.testng.internal.MethodRunner.runInSequence(MethodRunner.java:46)
at org.testng.internal.TestInvoker$MethodInvocationAgent.invoke(TestInvoker.java:824)
at org.testng.internal.TestInvoker.invokeTestMethods(TestInvoker.java:146)
at org.testng.internal.TestMethodWorker.invokeTestMethods(TestMethodWorker.java:146)
at org.testng.internal.TestMethodWorker.run(TestMethodWorker.java:128)
at java.base/java.util.ArrayList.forEach(ArrayList.java:1511)
at org.testng.TestRunner.privateRun(TestRunner.java:794)
at org.testng.TestRunner.run(TestRunner.java:596)
at org.testng.SuiteRunner.runTest(SuiteRunner.java:377)
at org.testng.SuiteRunner.runSequentially(SuiteRunner.java:371)
at org.testng.SuiteRunner.privateRun(SuiteRunner.java:332)
at org.testng.SuiteRunner.run(SuiteRunner.java:276)
at org.testng.SuiteRunnerWorker.runSuite(SuiteRunnerWorker.java:53)
at org.testng.SuiteRunnerWorker.run(SuiteRunnerWorker.java:96)
at org.testng.TestNG.runSuitesSequentially(TestNG.java:1212)
at org.testng.TestNG.runSuitesLocally(TestNG.java:1134)
at org.testng.TestNG.runSuites(TestNG.java:1063)
at org.testng.TestNG.run(TestNG.java:1031)
at org.testng.remote.AbstractRemoteTestNG.run(AbstractRemoteTestNG.java:115)
at org.testng.remote.RemoteTestNG.initAndRun(RemoteTestNG.java:251)
at org.testng.remote.RemoteTestNG.main(RemoteTestNG.java:77)
]]>
    </error>
  </testcase> <!-- DS_022_verifySignupWithOnlyMandatoryFields -->
  <system-out/>
  <testcase classname="com.dentscribe.testCases_iOS.TestSignUpPage" name="DS_023_verifySignupConfirmationPopupButtons" time="34.821">
    <error message="Expected condition failed: waiting for visibility of element located by By.xpath: (//XCUIElementTypeOther[@name=&#039;Back&#039;])[2] (tried for 30 second(s) with 500 milliseconds interval)
Build info: version: &#039;4.13.0&#039;, revision: &#039;ba948ece5b*&#039;
System info: os.name: &#039;Mac OS X&#039;, os.arch: &#039;aarch64&#039;, os.version: &#039;13.4&#039;, java.version: &#039;20.0.2&#039;
Driver info: io.appium.java_client.ios.IOSDriver
Capabilities {appium:app: //Users//mcl-0048/Desktop//..., appium:automationName: XCuiTest, appium:databaseEnabled: false, appium:deviceName: iPhone 14 Plus, appium:javascriptEnabled: true, appium:locationContextEnabled: false, appium:networkConnectionEnabled: false, appium:newCommandTimeout: 5400, appium:platformVersion: 16.4, appium:takesScreenshot: true, appium:udid: 2A4A9901-84B0-429C-B765-6C1..., appium:webStorageEnabled: false, platformName: IOS}
Session ID: 308535da-2ca0-4217-810e-9c758084c5f5" type="org.openqa.selenium.TimeoutException">
      <![CDATA[org.openqa.selenium.TimeoutException: Expected condition failed: waiting for visibility of element located by By.xpath: (//XCUIElementTypeOther[@name='Back'])[2] (tried for 30 second(s) with 500 milliseconds interval)
Build info: version: '4.13.0', revision: 'ba948ece5b*'
System info: os.name: 'Mac OS X', os.arch: 'aarch64', os.version: '13.4', java.version: '20.0.2'
Driver info: io.appium.java_client.ios.IOSDriver
Capabilities {appium:app: //Users//mcl-0048/Desktop//..., appium:automationName: XCuiTest, appium:databaseEnabled: false, appium:deviceName: iPhone 14 Plus, appium:javascriptEnabled: true, appium:locationContextEnabled: false, appium:networkConnectionEnabled: false, appium:newCommandTimeout: 5400, appium:platformVersion: 16.4, appium:takesScreenshot: true, appium:udid: 2A4A9901-84B0-429C-B765-6C1..., appium:webStorageEnabled: false, platformName: IOS}
Session ID: 308535da-2ca0-4217-810e-9c758084c5f5
at org.openqa.selenium.support.ui.WebDriverWait.timeoutException(WebDriverWait.java:84)
at org.openqa.selenium.support.ui.FluentWait.until(FluentWait.java:230)
at com.dentscribe.pages.ios.SignUpPage.clickConfirmationPopupButton(SignUpPage.java:137)
at com.dentscribe.testCases_iOS.TestSignUpPage.DS_023_verifySignupConfirmationPopupButtons(TestSignUpPage.java:58)
at java.base/jdk.internal.reflect.DirectMethodHandleAccessor.invoke(DirectMethodHandleAccessor.java:104)
at java.base/java.lang.reflect.Method.invoke(Method.java:578)
at org.testng.internal.MethodInvocationHelper.invokeMethod(MethodInvocationHelper.java:133)
at org.testng.internal.TestInvoker.invokeMethod(TestInvoker.java:598)
at org.testng.internal.TestInvoker.invokeTestMethod(TestInvoker.java:173)
at org.testng.internal.MethodRunner.runInSequence(MethodRunner.java:46)
at org.testng.internal.TestInvoker$MethodInvocationAgent.invoke(TestInvoker.java:824)
at org.testng.internal.TestInvoker.invokeTestMethods(TestInvoker.java:146)
at org.testng.internal.TestMethodWorker.invokeTestMethods(TestMethodWorker.java:146)
at org.testng.internal.TestMethodWorker.run(TestMethodWorker.java:128)
at java.base/java.util.ArrayList.forEach(ArrayList.java:1511)
at org.testng.TestRunner.privateRun(TestRunner.java:794)
at org.testng.TestRunner.run(TestRunner.java:596)
at org.testng.SuiteRunner.runTest(SuiteRunner.java:377)
at org.testng.SuiteRunner.runSequentially(SuiteRunner.java:371)
at org.testng.SuiteRunner.privateRun(SuiteRunner.java:332)
at org.testng.SuiteRunner.run(SuiteRunner.java:276)
at org.testng.SuiteRunnerWorker.runSuite(SuiteRunnerWorker.java:53)
at org.testng.SuiteRunnerWorker.run(SuiteRunnerWorker.java:96)
at org.testng.TestNG.runSuitesSequentially(TestNG.java:1212)
at org.testng.TestNG.runSuitesLocally(TestNG.java:1134)
at org.testng.TestNG.runSuites(TestNG.java:1063)
at org.testng.TestNG.run(TestNG.java:1031)
at org.testng.remote.AbstractRemoteTestNG.run(AbstractRemoteTestNG.java:115)
at org.testng.remote.RemoteTestNG.initAndRun(RemoteTestNG.java:251)
at org.testng.remote.RemoteTestNG.main(RemoteTestNG.java:77)
]]>
    </error>
  </testcase> <!-- DS_023_verifySignupConfirmationPopupButtons -->
  <system-out/>
</testsuite> <!-- com.dentscribe.testCases_iOS.TestSignUpPage -->
